#
# There is insufficient memory for the Java Runtime Environment to continue.
# Native memory allocation (malloc) failed to allocate 77456 bytes for Chunk::new
# Possible reasons:
#   The system is out of physical RAM or swap space
#   The process is running with CompressedOops enabled, and the Java Heap may be blocking the growth of the native heap
# Possible solutions:
#   Reduce memory load on the system
#   Increase physical memory or swap space
#   Check if swap backing store is full
#   Decrease Java heap size (-Xmx/-Xms)
#   Decrease number of Java threads
#   Decrease Java thread stack sizes (-Xss)
#   Set larger code cache with -XX:ReservedCodeCacheSize=
#   JVM is running with Zero Based Compressed Oops mode in which the Java heap is
#     placed in the first 32GB address space. The Java Heap base address is the
#     maximum limit for the native heap growth. Please use -XX:HeapBaseMinAddress
#     to set the Java Heap base and to place the Java Heap above 32GB virtual address.
# This output file may be truncated or incomplete.
#
#  Out of Memory Error (arena.cpp:189), pid=8668, tid=13252
#
# JRE version: OpenJDK Runtime Environment Temurin-17.0.2+8 (17.0.2+8) (build 17.0.2+8)
# Java VM: OpenJDK 64-Bit Server VM Temurin-17.0.2+8 (17.0.2+8, mixed mode, tiered, compressed oops, compressed class ptrs, g1 gc, windows-amd64)
# No core dump will be written. Minidumps are not enabled by default on client versions of Windows
#

---------------  S U M M A R Y ------------

Command Line: -Dfile.encoding=Cp1252 -XX:+ShowCodeDetailsInExceptionMessages gftbootcamp.bank.Main

Host: AMD Athlon 200GE with Radeon Vega Graphics     , 4 cores, 13G,  Windows 10 , 64 bit Build 19041 (10.0.19041.1566)
Time: Tue Mar 29 10:49:41 2022 Hora oficial do Brasil elapsed time: 0.668665 seconds (0d 0h 0m 0s)

---------------  T H R E A D  ---------------

Current thread (0x000001b3a015b1e0):  JavaThread "C2 CompilerThread0" daemon [_thread_in_native, id=13252, stack(0x000000421e200000,0x000000421e300000)]


Current CompileTask:
C2:    668  640       4       jdk.internal.org.objectweb.asm.Symbol::<init> (38 bytes)

Stack: [0x000000421e200000,0x000000421e300000]
Native frames: (J=compiled Java code, j=interpreted, Vv=VM code, C=native code)
V  [jvm.dll+0x67564a]
V  [jvm.dll+0x82fc04]
V  [jvm.dll+0x8313ae]
V  [jvm.dll+0x831a13]
V  [jvm.dll+0x245235]
V  [jvm.dll+0xabd7b]
V  [jvm.dll+0xac30c]
V  [jvm.dll+0x3631f7]
V  [jvm.dll+0x32d891]
V  [jvm.dll+0x32cd3a]
V  [jvm.dll+0x2180d1]
V  [jvm.dll+0x2174f1]
V  [jvm.dll+0x1a3a8d]
V  [jvm.dll+0x226ef8]
V  [jvm.dll+0x22503c]
V  [jvm.dll+0x7e596b]
V  [jvm.dll+0x7dff2a]
V  [jvm.dll+0x6744d5]
C  [ucrtbase.dll+0x21bb2]
C  [KERNEL32.DLL+0x17034]
C  [ntdll.dll+0x52651]


---------------  P R O C E S S  ---------------

Threads class SMR info:
_java_thread_list=0x000001b3a076f550, length=17, elements={
0x000001b3826ba520, 0x000001b39f700960, 0x000001b39f702bf0, 0x000001b39f74e170,
0x000001b39f74ea30, 0x000001b3a014e420, 0x000001b3a01521e0, 0x000001b3a015b1e0,
0x000001b3a015dba0, 0x000001b3a015e890, 0x000001b3a02c88e0, 0x000001b3a02d0290,
0x000001b3a06d9010, 0x000001b3a06db4f0, 0x000001b3a06dc9d0, 0x000001b3a06f25c0,
0x000001b3a08cd600
}

Java Threads: ( => current thread )
  0x000001b3826ba520 JavaThread "main" [_thread_in_vm, id=5388, stack(0x000000421d500000,0x000000421d600000)]
  0x000001b39f700960 JavaThread "Reference Handler" daemon [_thread_blocked, id=13860, stack(0x000000421dc00000,0x000000421dd00000)]
  0x000001b39f702bf0 JavaThread "Finalizer" daemon [_thread_blocked, id=14656, stack(0x000000421dd00000,0x000000421de00000)]
  0x000001b39f74e170 JavaThread "Signal Dispatcher" daemon [_thread_blocked, id=18388, stack(0x000000421de00000,0x000000421df00000)]
  0x000001b39f74ea30 JavaThread "Attach Listener" daemon [_thread_blocked, id=10108, stack(0x000000421df00000,0x000000421e000000)]
  0x000001b3a014e420 JavaThread "Service Thread" daemon [_thread_blocked, id=19656, stack(0x000000421e000000,0x000000421e100000)]
  0x000001b3a01521e0 JavaThread "Monitor Deflation Thread" daemon [_thread_blocked, id=6016, stack(0x000000421e100000,0x000000421e200000)]
=>0x000001b3a015b1e0 JavaThread "C2 CompilerThread0" daemon [_thread_in_native, id=13252, stack(0x000000421e200000,0x000000421e300000)]
  0x000001b3a015dba0 JavaThread "C1 CompilerThread0" daemon [_thread_blocked, id=17920, stack(0x000000421e300000,0x000000421e400000)]
  0x000001b3a015e890 JavaThread "Sweeper thread" daemon [_thread_blocked, id=13448, stack(0x000000421e400000,0x000000421e500000)]
  0x000001b3a02c88e0 JavaThread "Notification Thread" daemon [_thread_blocked, id=16944, stack(0x000000421e500000,0x000000421e600000)]
  0x000001b3a02d0290 JavaThread "Common-Cleaner" daemon [_thread_blocked, id=18620, stack(0x000000421e700000,0x000000421e800000)]
  0x000001b3a06d9010 JavaThread "Java2D Disposer" daemon [_thread_blocked, id=20244, stack(0x000000421e800000,0x000000421e900000)]
  0x000001b3a06db4f0 JavaThread "AWT-Shutdown" [_thread_blocked, id=13640, stack(0x000000421e900000,0x000000421ea00000)]
  0x000001b3a06dc9d0 JavaThread "AWT-Windows" daemon [_thread_in_native, id=8252, stack(0x000000421ea00000,0x000000421eb00000)]
  0x000001b3a06f25c0 JavaThread "Image Fetcher 0" daemon [_thread_blocked, id=5288, stack(0x000000421eb00000,0x000000421ec00000)]
  0x000001b3a08cd600 JavaThread "AWT-EventQueue-0" [_thread_blocked, id=16464, stack(0x000000421f000000,0x000000421f100000)]

Other Threads:
  0x000001b39f6b9b10 VMThread "VM Thread" [stack: 0x000000421db00000,0x000000421dc00000] [id=8684]
  0x000001b38271a410 WatcherThread [stack: 0x000000421e600000,0x000000421e700000] [id=18228]
  0x000001b382702930 GCTaskThread "GC Thread#0" [stack: 0x000000421d600000,0x000000421d700000] [id=19744]
  0x000001b382713360 ConcurrentGCThread "G1 Main Marker" [stack: 0x000000421d700000,0x000000421d800000] [id=20248]
  0x000001b382713d70 ConcurrentGCThread "G1 Conc#0" [stack: 0x000000421d800000,0x000000421d900000] [id=15556]
  0x000001b39f570090 ConcurrentGCThread "G1 Refine#0" [stack: 0x000000421d900000,0x000000421da00000] [id=7596]
  0x000001b39f570ab0 ConcurrentGCThread "G1 Service" [stack: 0x000000421da00000,0x000000421db00000] [id=4740]

Threads with active compile tasks:
C2 CompilerThread0      689  640       4       jdk.internal.org.objectweb.asm.Symbol::<init> (38 bytes)

VM state: not at safepoint (normal execution)

VM Mutex/Monitor currently owned by a thread:  ([mutex/lock_event])
[0x000001b3805eb800] Metaspace_lock - owner thread: 0x000001b3826ba520

Heap address: 0x0000000720c00000, size: 3572 MB, Compressed Oops mode: Zero based, Oop shift amount: 3

CDS archive(s) not mapped
Compressed class space mapped at: 0x0000000800000000-0x0000000840000000, reserved size: 1073741824
Narrow klass base: 0x0000000800000000, Narrow klass shift: 0, Narrow klass range: 0x40000000

GC Precious Log:
 CPUs: 4 total, 4 available
 Memory: 14284M
 Large Page Support: Disabled
 NUMA Support: Disabled
 Compressed Oops: Enabled (Zero based)
 Heap Region Size: 2M
 Heap Min Capacity: 8M
 Heap Initial Capacity: 224M
 Heap Max Capacity: 3572M
 Pre-touch: Disabled
 Parallel Workers: 4
 Concurrent Workers: 1
 Concurrent Refinement Workers: 4
 Periodic GC: Disabled

Heap:
 garbage-first heap   total 229376K, used 4096K [0x0000000720c00000, 0x0000000800000000)
  region size 2048K, 3 young (6144K), 0 survivors (0K)
 Metaspace       used 13321K, committed 13504K, reserved 1064960K
  class space    used 1369K, committed 1472K, reserved 1048576K

Heap Regions: E=young(eden), S=young(survivor), O=old, HS=humongous(starts), HC=humongous(continues), CS=collection set, F=free, OA=open archive, CA=closed archive, TAMS=top-at-mark-start (previous, next)
|   0|0x0000000720c00000, 0x0000000720c00000, 0x0000000720e00000|  0%| F|  |TAMS 0x0000000720c00000, 0x0000000720c00000| Untracked 
|   1|0x0000000720e00000, 0x0000000720e00000, 0x0000000721000000|  0%| F|  |TAMS 0x0000000720e00000, 0x0000000720e00000| Untracked 
|   2|0x0000000721000000, 0x0000000721000000, 0x0000000721200000|  0%| F|  |TAMS 0x0000000721000000, 0x0000000721000000| Untracked 
|   3|0x0000000721200000, 0x0000000721200000, 0x0000000721400000|  0%| F|  |TAMS 0x0000000721200000, 0x0000000721200000| Untracked 
|   4|0x0000000721400000, 0x0000000721400000, 0x0000000721600000|  0%| F|  |TAMS 0x0000000721400000, 0x0000000721400000| Untracked 
|   5|0x0000000721600000, 0x0000000721600000, 0x0000000721800000|  0%| F|  |TAMS 0x0000000721600000, 0x0000000721600000| Untracked 
|   6|0x0000000721800000, 0x0000000721800000, 0x0000000721a00000|  0%| F|  |TAMS 0x0000000721800000, 0x0000000721800000| Untracked 
|   7|0x0000000721a00000, 0x0000000721a00000, 0x0000000721c00000|  0%| F|  |TAMS 0x0000000721a00000, 0x0000000721a00000| Untracked 
|   8|0x0000000721c00000, 0x0000000721c00000, 0x0000000721e00000|  0%| F|  |TAMS 0x0000000721c00000, 0x0000000721c00000| Untracked 
|   9|0x0000000721e00000, 0x0000000721e00000, 0x0000000722000000|  0%| F|  |TAMS 0x0000000721e00000, 0x0000000721e00000| Untracked 
|  10|0x0000000722000000, 0x0000000722000000, 0x0000000722200000|  0%| F|  |TAMS 0x0000000722000000, 0x0000000722000000| Untracked 
|  11|0x0000000722200000, 0x0000000722200000, 0x0000000722400000|  0%| F|  |TAMS 0x0000000722200000, 0x0000000722200000| Untracked 
|  12|0x0000000722400000, 0x0000000722400000, 0x0000000722600000|  0%| F|  |TAMS 0x0000000722400000, 0x0000000722400000| Untracked 
|  13|0x0000000722600000, 0x0000000722600000, 0x0000000722800000|  0%| F|  |TAMS 0x0000000722600000, 0x0000000722600000| Untracked 
|  14|0x0000000722800000, 0x0000000722800000, 0x0000000722a00000|  0%| F|  |TAMS 0x0000000722800000, 0x0000000722800000| Untracked 
|  15|0x0000000722a00000, 0x0000000722a00000, 0x0000000722c00000|  0%| F|  |TAMS 0x0000000722a00000, 0x0000000722a00000| Untracked 
|  16|0x0000000722c00000, 0x0000000722c00000, 0x0000000722e00000|  0%| F|  |TAMS 0x0000000722c00000, 0x0000000722c00000| Untracked 
|  17|0x0000000722e00000, 0x0000000722e00000, 0x0000000723000000|  0%| F|  |TAMS 0x0000000722e00000, 0x0000000722e00000| Untracked 
|  18|0x0000000723000000, 0x0000000723000000, 0x0000000723200000|  0%| F|  |TAMS 0x0000000723000000, 0x0000000723000000| Untracked 
|  19|0x0000000723200000, 0x0000000723200000, 0x0000000723400000|  0%| F|  |TAMS 0x0000000723200000, 0x0000000723200000| Untracked 
|  20|0x0000000723400000, 0x0000000723400000, 0x0000000723600000|  0%| F|  |TAMS 0x0000000723400000, 0x0000000723400000| Untracked 
|  21|0x0000000723600000, 0x0000000723600000, 0x0000000723800000|  0%| F|  |TAMS 0x0000000723600000, 0x0000000723600000| Untracked 
|  22|0x0000000723800000, 0x0000000723800000, 0x0000000723a00000|  0%| F|  |TAMS 0x0000000723800000, 0x0000000723800000| Untracked 
|  23|0x0000000723a00000, 0x0000000723a00000, 0x0000000723c00000|  0%| F|  |TAMS 0x0000000723a00000, 0x0000000723a00000| Untracked 
|  24|0x0000000723c00000, 0x0000000723c00000, 0x0000000723e00000|  0%| F|  |TAMS 0x0000000723c00000, 0x0000000723c00000| Untracked 
|  25|0x0000000723e00000, 0x0000000723e00000, 0x0000000724000000|  0%| F|  |TAMS 0x0000000723e00000, 0x0000000723e00000| Untracked 
|  26|0x0000000724000000, 0x0000000724000000, 0x0000000724200000|  0%| F|  |TAMS 0x0000000724000000, 0x0000000724000000| Untracked 
|  27|0x0000000724200000, 0x0000000724200000, 0x0000000724400000|  0%| F|  |TAMS 0x0000000724200000, 0x0000000724200000| Untracked 
|  28|0x0000000724400000, 0x0000000724400000, 0x0000000724600000|  0%| F|  |TAMS 0x0000000724400000, 0x0000000724400000| Untracked 
|  29|0x0000000724600000, 0x0000000724600000, 0x0000000724800000|  0%| F|  |TAMS 0x0000000724600000, 0x0000000724600000| Untracked 
|  30|0x0000000724800000, 0x0000000724800000, 0x0000000724a00000|  0%| F|  |TAMS 0x0000000724800000, 0x0000000724800000| Untracked 
|  31|0x0000000724a00000, 0x0000000724a00000, 0x0000000724c00000|  0%| F|  |TAMS 0x0000000724a00000, 0x0000000724a00000| Untracked 
|  32|0x0000000724c00000, 0x0000000724c00000, 0x0000000724e00000|  0%| F|  |TAMS 0x0000000724c00000, 0x0000000724c00000| Untracked 
|  33|0x0000000724e00000, 0x0000000724e00000, 0x0000000725000000|  0%| F|  |TAMS 0x0000000724e00000, 0x0000000724e00000| Untracked 
|  34|0x0000000725000000, 0x0000000725000000, 0x0000000725200000|  0%| F|  |TAMS 0x0000000725000000, 0x0000000725000000| Untracked 
|  35|0x0000000725200000, 0x0000000725200000, 0x0000000725400000|  0%| F|  |TAMS 0x0000000725200000, 0x0000000725200000| Untracked 
|  36|0x0000000725400000, 0x0000000725400000, 0x0000000725600000|  0%| F|  |TAMS 0x0000000725400000, 0x0000000725400000| Untracked 
|  37|0x0000000725600000, 0x0000000725600000, 0x0000000725800000|  0%| F|  |TAMS 0x0000000725600000, 0x0000000725600000| Untracked 
|  38|0x0000000725800000, 0x0000000725800000, 0x0000000725a00000|  0%| F|  |TAMS 0x0000000725800000, 0x0000000725800000| Untracked 
|  39|0x0000000725a00000, 0x0000000725a00000, 0x0000000725c00000|  0%| F|  |TAMS 0x0000000725a00000, 0x0000000725a00000| Untracked 
|  40|0x0000000725c00000, 0x0000000725c00000, 0x0000000725e00000|  0%| F|  |TAMS 0x0000000725c00000, 0x0000000725c00000| Untracked 
|  41|0x0000000725e00000, 0x0000000725e00000, 0x0000000726000000|  0%| F|  |TAMS 0x0000000725e00000, 0x0000000725e00000| Untracked 
|  42|0x0000000726000000, 0x0000000726000000, 0x0000000726200000|  0%| F|  |TAMS 0x0000000726000000, 0x0000000726000000| Untracked 
|  43|0x0000000726200000, 0x0000000726200000, 0x0000000726400000|  0%| F|  |TAMS 0x0000000726200000, 0x0000000726200000| Untracked 
|  44|0x0000000726400000, 0x0000000726400000, 0x0000000726600000|  0%| F|  |TAMS 0x0000000726400000, 0x0000000726400000| Untracked 
|  45|0x0000000726600000, 0x0000000726600000, 0x0000000726800000|  0%| F|  |TAMS 0x0000000726600000, 0x0000000726600000| Untracked 
|  46|0x0000000726800000, 0x0000000726800000, 0x0000000726a00000|  0%| F|  |TAMS 0x0000000726800000, 0x0000000726800000| Untracked 
|  47|0x0000000726a00000, 0x0000000726a00000, 0x0000000726c00000|  0%| F|  |TAMS 0x0000000726a00000, 0x0000000726a00000| Untracked 
|  48|0x0000000726c00000, 0x0000000726c00000, 0x0000000726e00000|  0%| F|  |TAMS 0x0000000726c00000, 0x0000000726c00000| Untracked 
|  49|0x0000000726e00000, 0x0000000726e00000, 0x0000000727000000|  0%| F|  |TAMS 0x0000000726e00000, 0x0000000726e00000| Untracked 
|  50|0x0000000727000000, 0x0000000727000000, 0x0000000727200000|  0%| F|  |TAMS 0x0000000727000000, 0x0000000727000000| Untracked 
|  51|0x0000000727200000, 0x0000000727200000, 0x0000000727400000|  0%| F|  |TAMS 0x0000000727200000, 0x0000000727200000| Untracked 
|  52|0x0000000727400000, 0x0000000727400000, 0x0000000727600000|  0%| F|  |TAMS 0x0000000727400000, 0x0000000727400000| Untracked 
|  53|0x0000000727600000, 0x0000000727600000, 0x0000000727800000|  0%| F|  |TAMS 0x0000000727600000, 0x0000000727600000| Untracked 
|  54|0x0000000727800000, 0x0000000727800000, 0x0000000727a00000|  0%| F|  |TAMS 0x0000000727800000, 0x0000000727800000| Untracked 
|  55|0x0000000727a00000, 0x0000000727a00000, 0x0000000727c00000|  0%| F|  |TAMS 0x0000000727a00000, 0x0000000727a00000| Untracked 
|  56|0x0000000727c00000, 0x0000000727c00000, 0x0000000727e00000|  0%| F|  |TAMS 0x0000000727c00000, 0x0000000727c00000| Untracked 
|  57|0x0000000727e00000, 0x0000000727e00000, 0x0000000728000000|  0%| F|  |TAMS 0x0000000727e00000, 0x0000000727e00000| Untracked 
|  58|0x0000000728000000, 0x0000000728000000, 0x0000000728200000|  0%| F|  |TAMS 0x0000000728000000, 0x0000000728000000| Untracked 
|  59|0x0000000728200000, 0x0000000728200000, 0x0000000728400000|  0%| F|  |TAMS 0x0000000728200000, 0x0000000728200000| Untracked 
|  60|0x0000000728400000, 0x0000000728400000, 0x0000000728600000|  0%| F|  |TAMS 0x0000000728400000, 0x0000000728400000| Untracked 
|  61|0x0000000728600000, 0x0000000728600000, 0x0000000728800000|  0%| F|  |TAMS 0x0000000728600000, 0x0000000728600000| Untracked 
|  62|0x0000000728800000, 0x0000000728800000, 0x0000000728a00000|  0%| F|  |TAMS 0x0000000728800000, 0x0000000728800000| Untracked 
|  63|0x0000000728a00000, 0x0000000728a00000, 0x0000000728c00000|  0%| F|  |TAMS 0x0000000728a00000, 0x0000000728a00000| Untracked 
|  64|0x0000000728c00000, 0x0000000728c00000, 0x0000000728e00000|  0%| F|  |TAMS 0x0000000728c00000, 0x0000000728c00000| Untracked 
|  65|0x0000000728e00000, 0x0000000728e00000, 0x0000000729000000|  0%| F|  |TAMS 0x0000000728e00000, 0x0000000728e00000| Untracked 
|  66|0x0000000729000000, 0x0000000729000000, 0x0000000729200000|  0%| F|  |TAMS 0x0000000729000000, 0x0000000729000000| Untracked 
|  67|0x0000000729200000, 0x0000000729200000, 0x0000000729400000|  0%| F|  |TAMS 0x0000000729200000, 0x0000000729200000| Untracked 
|  68|0x0000000729400000, 0x0000000729400000, 0x0000000729600000|  0%| F|  |TAMS 0x0000000729400000, 0x0000000729400000| Untracked 
|  69|0x0000000729600000, 0x0000000729600000, 0x0000000729800000|  0%| F|  |TAMS 0x0000000729600000, 0x0000000729600000| Untracked 
|  70|0x0000000729800000, 0x0000000729800000, 0x0000000729a00000|  0%| F|  |TAMS 0x0000000729800000, 0x0000000729800000| Untracked 
|  71|0x0000000729a00000, 0x0000000729a00000, 0x0000000729c00000|  0%| F|  |TAMS 0x0000000729a00000, 0x0000000729a00000| Untracked 
|  72|0x0000000729c00000, 0x0000000729c00000, 0x0000000729e00000|  0%| F|  |TAMS 0x0000000729c00000, 0x0000000729c00000| Untracked 
|  73|0x0000000729e00000, 0x0000000729e00000, 0x000000072a000000|  0%| F|  |TAMS 0x0000000729e00000, 0x0000000729e00000| Untracked 
|  74|0x000000072a000000, 0x000000072a000000, 0x000000072a200000|  0%| F|  |TAMS 0x000000072a000000, 0x000000072a000000| Untracked 
|  75|0x000000072a200000, 0x000000072a200000, 0x000000072a400000|  0%| F|  |TAMS 0x000000072a200000, 0x000000072a200000| Untracked 
|  76|0x000000072a400000, 0x000000072a400000, 0x000000072a600000|  0%| F|  |TAMS 0x000000072a400000, 0x000000072a400000| Untracked 
|  77|0x000000072a600000, 0x000000072a600000, 0x000000072a800000|  0%| F|  |TAMS 0x000000072a600000, 0x000000072a600000| Untracked 
|  78|0x000000072a800000, 0x000000072a800000, 0x000000072aa00000|  0%| F|  |TAMS 0x000000072a800000, 0x000000072a800000| Untracked 
|  79|0x000000072aa00000, 0x000000072aa00000, 0x000000072ac00000|  0%| F|  |TAMS 0x000000072aa00000, 0x000000072aa00000| Untracked 
|  80|0x000000072ac00000, 0x000000072ac00000, 0x000000072ae00000|  0%| F|  |TAMS 0x000000072ac00000, 0x000000072ac00000| Untracked 
|  81|0x000000072ae00000, 0x000000072ae00000, 0x000000072b000000|  0%| F|  |TAMS 0x000000072ae00000, 0x000000072ae00000| Untracked 
|  82|0x000000072b000000, 0x000000072b000000, 0x000000072b200000|  0%| F|  |TAMS 0x000000072b000000, 0x000000072b000000| Untracked 
|  83|0x000000072b200000, 0x000000072b200000, 0x000000072b400000|  0%| F|  |TAMS 0x000000072b200000, 0x000000072b200000| Untracked 
|  84|0x000000072b400000, 0x000000072b400000, 0x000000072b600000|  0%| F|  |TAMS 0x000000072b400000, 0x000000072b400000| Untracked 
|  85|0x000000072b600000, 0x000000072b600000, 0x000000072b800000|  0%| F|  |TAMS 0x000000072b600000, 0x000000072b600000| Untracked 
|  86|0x000000072b800000, 0x000000072b800000, 0x000000072ba00000|  0%| F|  |TAMS 0x000000072b800000, 0x000000072b800000| Untracked 
|  87|0x000000072ba00000, 0x000000072ba00000, 0x000000072bc00000|  0%| F|  |TAMS 0x000000072ba00000, 0x000000072ba00000| Untracked 
|  88|0x000000072bc00000, 0x000000072bc00000, 0x000000072be00000|  0%| F|  |TAMS 0x000000072bc00000, 0x000000072bc00000| Untracked 
|  89|0x000000072be00000, 0x000000072be00000, 0x000000072c000000|  0%| F|  |TAMS 0x000000072be00000, 0x000000072be00000| Untracked 
|  90|0x000000072c000000, 0x000000072c000000, 0x000000072c200000|  0%| F|  |TAMS 0x000000072c000000, 0x000000072c000000| Untracked 
|  91|0x000000072c200000, 0x000000072c200000, 0x000000072c400000|  0%| F|  |TAMS 0x000000072c200000, 0x000000072c200000| Untracked 
|  92|0x000000072c400000, 0x000000072c400000, 0x000000072c600000|  0%| F|  |TAMS 0x000000072c400000, 0x000000072c400000| Untracked 
|  93|0x000000072c600000, 0x000000072c600000, 0x000000072c800000|  0%| F|  |TAMS 0x000000072c600000, 0x000000072c600000| Untracked 
|  94|0x000000072c800000, 0x000000072c800000, 0x000000072ca00000|  0%| F|  |TAMS 0x000000072c800000, 0x000000072c800000| Untracked 
|  95|0x000000072ca00000, 0x000000072ca00000, 0x000000072cc00000|  0%| F|  |TAMS 0x000000072ca00000, 0x000000072ca00000| Untracked 
|  96|0x000000072cc00000, 0x000000072cc00000, 0x000000072ce00000|  0%| F|  |TAMS 0x000000072cc00000, 0x000000072cc00000| Untracked 
|  97|0x000000072ce00000, 0x000000072ce00000, 0x000000072d000000|  0%| F|  |TAMS 0x000000072ce00000, 0x000000072ce00000| Untracked 
|  98|0x000000072d000000, 0x000000072d000000, 0x000000072d200000|  0%| F|  |TAMS 0x000000072d000000, 0x000000072d000000| Untracked 
|  99|0x000000072d200000, 0x000000072d200000, 0x000000072d400000|  0%| F|  |TAMS 0x000000072d200000, 0x000000072d200000| Untracked 
| 100|0x000000072d400000, 0x000000072d400000, 0x000000072d600000|  0%| F|  |TAMS 0x000000072d400000, 0x000000072d400000| Untracked 
| 101|0x000000072d600000, 0x000000072d600000, 0x000000072d800000|  0%| F|  |TAMS 0x000000072d600000, 0x000000072d600000| Untracked 
| 102|0x000000072d800000, 0x000000072d800000, 0x000000072da00000|  0%| F|  |TAMS 0x000000072d800000, 0x000000072d800000| Untracked 
| 103|0x000000072da00000, 0x000000072da00000, 0x000000072dc00000|  0%| F|  |TAMS 0x000000072da00000, 0x000000072da00000| Untracked 
| 104|0x000000072dc00000, 0x000000072dc00000, 0x000000072de00000|  0%| F|  |TAMS 0x000000072dc00000, 0x000000072dc00000| Untracked 
| 105|0x000000072de00000, 0x000000072de00000, 0x000000072e000000|  0%| F|  |TAMS 0x000000072de00000, 0x000000072de00000| Untracked 
| 106|0x000000072e000000, 0x000000072e000000, 0x000000072e200000|  0%| F|  |TAMS 0x000000072e000000, 0x000000072e000000| Untracked 
| 107|0x000000072e200000, 0x000000072e200000, 0x000000072e400000|  0%| F|  |TAMS 0x000000072e200000, 0x000000072e200000| Untracked 
| 108|0x000000072e400000, 0x000000072e400000, 0x000000072e600000|  0%| F|  |TAMS 0x000000072e400000, 0x000000072e400000| Untracked 
| 109|0x000000072e600000, 0x000000072e7346b8, 0x000000072e800000| 60%| E|  |TAMS 0x000000072e600000, 0x000000072e600000| Complete 
| 110|0x000000072e800000, 0x000000072ea00000, 0x000000072ea00000|100%| E|CS|TAMS 0x000000072e800000, 0x000000072e800000| Complete 
| 111|0x000000072ea00000, 0x000000072ec00000, 0x000000072ec00000|100%| E|CS|TAMS 0x000000072ea00000, 0x000000072ea00000| Complete 

Card table byte_map: [0x000001b395480000,0x000001b395b80000] _byte_map_base: 0x000001b391b7a000

Marking Bits (Prev, Next): (CMBitMap*) 0x000001b382704350, (CMBitMap*) 0x000001b382704390
 Prev Bits: [0x000001b396280000, 0x000001b399a50000)
 Next Bits: [0x000001b399a50000, 0x000001b39d220000)

Polling page: 0x000001b380650000

Metaspace:

Usage:
  Non-class:     11.67 MB used.
      Class:      1.34 MB used.
       Both:     13.01 MB used.

Virtual space:
  Non-class space:       16.00 MB reserved,      11.75 MB ( 73%) committed,  2 nodes.
      Class space:        1.00 GB reserved,       1.44 MB ( <1%) committed,  1 nodes.
             Both:        1.02 GB reserved,      13.19 MB (  1%) committed. 

Chunk freelists:
   Non-Class:  3.98 MB
       Class:  2.62 MB
        Both:  6.59 MB

MaxMetaspaceSize: unlimited
CompressedClassSpaceSize: 1.00 GB
Initial GC threshold: 21.00 MB
Current GC threshold: 21.00 MB
CDS: off
MetaspaceReclaimPolicy: balanced
 - commit_granule_bytes: 65536.
 - commit_granule_words: 8192.
 - virtual_space_node_default_size: 1048576.
 - enlarge_chunks_in_place: 1.
 - new_chunks_are_fully_committed: 0.
 - uncommit_free_chunks: 1.
 - use_allocation_guard: 0.
 - handle_deallocations: 1.


Internal statistics:

num_allocs_failed_limit: 0.
num_arena_births: 116.
num_arena_deaths: 0.
num_vsnodes_births: 3.
num_vsnodes_deaths: 0.
num_space_committed: 211.
num_space_uncommitted: 0.
num_chunks_returned_to_freelist: 0.
num_chunks_taken_from_freelist: 180.
num_chunk_merges: 0.
num_chunk_splits: 93.
num_chunks_enlarged: 35.
num_purges: 0.
num_inconsistent_stats: 0.

CodeHeap 'non-profiled nmethods': size=120000Kb used=165Kb max_used=165Kb free=119834Kb
 bounds [0x000001b38d850000, 0x000001b38dac0000, 0x000001b394d80000]
CodeHeap 'profiled nmethods': size=120000Kb used=956Kb max_used=956Kb free=119043Kb
 bounds [0x000001b386320000, 0x000001b386590000, 0x000001b38d850000]
CodeHeap 'non-nmethods': size=5760Kb used=1245Kb max_used=1259Kb free=4514Kb
 bounds [0x000001b385d80000, 0x000001b385ff0000, 0x000001b386320000]
 total_blobs=1217 nmethods=652 adapters=478
 compilation: enabled
              stopped_count=0, restarted_count=0
 full_count=0

Compilation events (20 events):
Event: 0.658 Thread 0x000001b3a015dba0  634       3       jdk.internal.org.objectweb.asm.MethodWriter::visitTypeInsn (116 bytes)
Event: 0.659 Thread 0x000001b3a015dba0 nmethod 634 0x000001b386407390 code [0x000001b386407580, 0x000001b3864079a8]
Event: 0.661 Thread 0x000001b3a015dba0  635       3       java.util.ArrayList$Itr::next (66 bytes)
Event: 0.661 Thread 0x000001b3a015dba0 nmethod 635 0x000001b386407b90 code [0x000001b386407d80, 0x000001b386408148]
Event: 0.661 Thread 0x000001b3a015dba0  636       3       java.util.ArrayList$Itr::checkForComodification (23 bytes)
Event: 0.661 Thread 0x000001b3a015dba0 nmethod 636 0x000001b386408310 code [0x000001b3864084c0, 0x000001b386408688]
Event: 0.663 Thread 0x000001b3a015b1e0  637       4       java.util.concurrent.ConcurrentHashMap::casTabAt (21 bytes)
Event: 0.663 Thread 0x000001b3a015dba0  638       3       jdk.internal.org.objectweb.asm.SymbolTable::addTypeInternal (85 bytes)
Event: 0.664 Thread 0x000001b3a015dba0 nmethod 638 0x000001b386408790 code [0x000001b386408960, 0x000001b386408fd8]
Event: 0.664 Thread 0x000001b3a015dba0  639       3       jdk.internal.org.objectweb.asm.Type::getTypeInternal (199 bytes)
Event: 0.664 Thread 0x000001b3a015dba0 nmethod 639 0x000001b386409190 code [0x000001b386409440, 0x000001b38640a348]
Event: 0.664 Thread 0x000001b3a015dba0  641       3       java.lang.invoke.LambdaForm::useCount (61 bytes)
Event: 0.665 Thread 0x000001b3a015b1e0 nmethod 637 0x000001b38d878210 code [0x000001b38d878380, 0x000001b38d8784b8]
Event: 0.665 Thread 0x000001b3a015b1e0  640       4       jdk.internal.org.objectweb.asm.Symbol::<init> (38 bytes)
Event: 0.665 Thread 0x000001b3a015dba0 nmethod 641 0x000001b38640a790 code [0x000001b38640a960, 0x000001b38640acc8]
Event: 0.665 Thread 0x000001b3a015dba0  643       3       java.lang.invoke.LambdaForm$BasicType::basicType (187 bytes)
Event: 0.665 Thread 0x000001b3a015dba0 nmethod 643 0x000001b38640ae90 code [0x000001b38640b120, 0x000001b38640bc68]
Event: 0.665 Thread 0x000001b3a015dba0  642       3       java.lang.invoke.InvokerBytecodeGenerator::storeInsnOpcode (98 bytes)
Event: 0.666 Thread 0x000001b3a015dba0 nmethod 642 0x000001b38640bf10 code [0x000001b38640c180, 0x000001b38640cb98]
Event: 0.666 Thread 0x000001b3a015dba0  645       3       jdk.internal.org.objectweb.asm.Frame::pop (53 bytes)

GC Heap History (0 events):
No events

Deoptimization events (2 events):
Event: 0.492 Thread 0x000001b3826ba520 DEOPT PACKING pc=0x000001b386337e67 sp=0x000000421d5fcb40
Event: 0.492 Thread 0x000001b3826ba520 DEOPT UNPACKING pc=0x000001b385dd2b43 sp=0x000000421d5fbf60 mode 0

Classes unloaded (0 events):
No events

Classes redefined (0 events):
No events

Internal exceptions (13 events):
Event: 0.223 Thread 0x000001b3826ba520 Exception <a 'java/lang/ClassNotFoundException'{0x000000072eb367d0}: sun/awt/resources/spi/awtProvider> (0x000000072eb367d0) 
thrown [e:\jenkins\tmp\workspace\build\src\src\hotspot\share\classfile\systemDictionary.cpp, line 256]
Event: 0.262 Thread 0x000001b3826ba520 Exception <a 'java/io/FileNotFoundException'{0x000000072eb914d8}> (0x000000072eb914d8) 
thrown [e:\jenkins\tmp\workspace\build\src\src\hotspot\share\prims\jni.cpp, line 516]
Event: 0.273 Thread 0x000001b3826ba520 Exception <a 'java/io/FileNotFoundException'{0x000000072ebbead0}> (0x000000072ebbead0) 
thrown [e:\jenkins\tmp\workspace\build\src\src\hotspot\share\prims\jni.cpp, line 516]
Event: 0.322 Thread 0x000001b3826ba520 Exception <a 'java/lang/NoSuchMethodError'{0x000000072e80cc20}: 'java.lang.Object java.lang.invoke.DirectMethodHandle$Holder.invokeStaticInit(java.lang.Object)'> (0x000000072e80cc20) 
thrown [e:\jenkins\tmp\workspace\build\src\src\hotspot\share\interpreter\linkResolver.cpp, line 766]
Event: 0.365 Thread 0x000001b3826ba520 Exception <a 'java/lang/NoSuchMethodError'{0x000000072e83a2d8}: 'void java.lang.invoke.DirectMethodHandle$Holder.invokeSpecial(java.lang.Object, java.lang.Object, java.lang.Object)'> (0x000000072e83a2d8) 
thrown [e:\jenkins\tmp\workspace\build\src\src\hotspot\share\interpreter\linkResolver.cpp, line 766]
Event: 0.376 Thread 0x000001b3826ba520 Exception <a 'java/lang/NoSuchMethodError'{0x000000072e8a1df8}: 'java.lang.Object java.lang.invoke.DirectMethodHandle$Holder.newInvokeSpecial(java.lang.Object, java.lang.Object, java.lang.Object, java.lang.Object, java.lang.Object)'> (0x000000072e8a1df8) 
thrown [e:\jenkins\tmp\workspace\build\src\src\hotspot\share\interpreter\linkResolver.cpp, line 766]
Event: 0.378 Thread 0x000001b3826ba520 Exception <a 'java/lang/NoSuchMethodError'{0x000000072e8ad7c0}: 'java.lang.Object java.lang.invoke.DirectMethodHandle$Holder.invokeStatic(java.lang.Object, int, java.lang.Object, java.lang.Object, java.lang.Object, java.lang.Object)'> (0x000000072e8ad7c0) 
thrown [e:\jenkins\tmp\workspace\build\src\src\hotspot\share\interpreter\linkResolver.cpp, line 766]
Event: 0.384 Thread 0x000001b3826ba520 Exception <a 'java/lang/NoSuchMethodError'{0x000000072e8d31c8}: 'java.lang.Object java.lang.invoke.DirectMethodHandle$Holder.invokeStatic(java.lang.Object, int, java.lang.Object)'> (0x000000072e8d31c8) 
thrown [e:\jenkins\tmp\workspace\build\src\src\hotspot\share\interpreter\linkResolver.cpp, line 766]
Event: 0.416 Thread 0x000001b3826ba520 Exception <a 'java/lang/ClassNotFoundException'{0x000000072e98dc38}: com/sun/swing/internal/plaf/metal/resources/spi/metalProvider> (0x000000072e98dc38) 
thrown [e:\jenkins\tmp\workspace\build\src\src\hotspot\share\classfile\systemDictionary.cpp, line 256]
Event: 0.417 Thread 0x000001b3826ba520 Exception <a 'java/lang/ClassNotFoundException'{0x000000072e9923d8}: com/sun/swing/internal/plaf/basic/resources/spi/basicProvider> (0x000000072e9923d8) 
thrown [e:\jenkins\tmp\workspace\build\src\src\hotspot\share\classfile\systemDictionary.cpp, line 256]
Event: 0.436 Thread 0x000001b3a06f25c0 Exception <a 'java/lang/NoSuchMethodError'{0x000000072e9faf20}: 'java.lang.Object java.lang.invoke.DirectMethodHandle$Holder.newInvokeSpecial(java.lang.Object, java.lang.Object, java.lang.Object, int, int, int, int, int)'> (0x000000072e9faf20) 
thrown [e:\jenkins\tmp\workspace\build\src\src\hotspot\share\interpreter\linkResolver.cpp, line 766]
Event: 0.638 Thread 0x000001b3a06dc9d0 Exception <a 'java/lang/NoSuchMethodError'{0x000000072e84d7f0}: 'void java.lang.invoke.DirectMethodHandle$Holder.invokeVirtual(java.lang.Object, java.lang.Object)'> (0x000000072e84d7f0) 
thrown [e:\jenkins\tmp\workspace\build\src\src\hotspot\share\interpreter\linkResolver.cpp, line 766]
Event: 0.658 Thread 0x000001b3826ba520 Exception <a 'java/lang/NoSuchMethodError'{0x000000072e700508}: 'void java.lang.invoke.DirectMethodHandle$Holder.invokeStaticInit(java.lang.Object)'> (0x000000072e700508) 
thrown [e:\jenkins\tmp\workspace\build\src\src\hotspot\share\interpreter\linkResolver.cpp, line 766]

VM Operations (8 events):
Event: 0.416 Executing VM operation: HandshakeAllThreads
Event: 0.416 Executing VM operation: HandshakeAllThreads done
Event: 0.450 Executing VM operation: HandshakeAllThreads
Event: 0.450 Executing VM operation: HandshakeAllThreads done
Event: 0.491 Executing VM operation: HandshakeAllThreads
Event: 0.491 Executing VM operation: HandshakeAllThreads done
Event: 0.600 Executing VM operation: HandshakeAllThreads
Event: 0.600 Executing VM operation: HandshakeAllThreads done

Events (20 events):
Event: 0.659 loading class sun/awt/windows/WFontPeer
Event: 0.659 loading class sun/awt/PlatformFont
Event: 0.659 loading class java/awt/peer/FontPeer
Event: 0.659 loading class java/awt/peer/FontPeer done
Event: 0.659 loading class sun/awt/PlatformFont done
Event: 0.659 loading class sun/awt/windows/WFontPeer done
Event: 0.659 loading class sun/awt/NativeLibLoader
Event: 0.659 loading class sun/awt/NativeLibLoader done
Event: 0.659 loading class sun/awt/NativeLibLoader$1
Event: 0.659 loading class sun/awt/NativeLibLoader$1 done
Event: 0.662 loading class sun/awt/FontConfiguration$2
Event: 0.662 loading class sun/awt/FontConfiguration$2 done
Event: 0.662 loading class sun/awt/windows/WingDings
Event: 0.663 loading class sun/awt/windows/WingDings done
Event: 0.663 loading class sun/awt/windows/WingDings$Encoder
Event: 0.663 loading class sun/awt/windows/WingDings$Encoder done
Event: 0.663 loading class sun/awt/Symbol
Event: 0.663 loading class sun/awt/Symbol done
Event: 0.663 loading class sun/awt/Symbol$Encoder
Event: 0.663 loading class sun/awt/Symbol$Encoder done


Dynamic libraries:
0x00007ff6faab0000 - 0x00007ff6faabe000 	C:\Users\wende\.p2\pool\plugins\org.eclipse.justj.openjdk.hotspot.jre.full.win32.x86_64_17.0.2.v20220201-1208\jre\bin\javaw.exe
0x00007ffcf74b0000 - 0x00007ffcf76a5000 	C:\WINDOWS\SYSTEM32\ntdll.dll
0x00007ffcf5910000 - 0x00007ffcf59ce000 	C:\WINDOWS\System32\KERNEL32.DLL
0x00007ffcf4bd0000 - 0x00007ffcf4e98000 	C:\WINDOWS\System32\KERNELBASE.dll
0x00007ffcf5100000 - 0x00007ffcf5200000 	C:\WINDOWS\System32\ucrtbase.dll
0x00007ffce5170000 - 0x00007ffce5188000 	C:\Users\wende\.p2\pool\plugins\org.eclipse.justj.openjdk.hotspot.jre.full.win32.x86_64_17.0.2.v20220201-1208\jre\bin\jli.dll
0x00007ffcf5510000 - 0x00007ffcf56b0000 	C:\WINDOWS\System32\USER32.dll
0x00007ffcf5310000 - 0x00007ffcf5332000 	C:\WINDOWS\System32\win32u.dll
0x00007ffcf5830000 - 0x00007ffcf585b000 	C:\WINDOWS\System32\GDI32.dll
0x00007ffcf4f40000 - 0x00007ffcf504b000 	C:\WINDOWS\System32\gdi32full.dll
0x00007ffcf4ea0000 - 0x00007ffcf4f3d000 	C:\WINDOWS\System32\msvcp_win.dll
0x00007ffce5190000 - 0x00007ffce51a9000 	C:\Users\wende\.p2\pool\plugins\org.eclipse.justj.openjdk.hotspot.jre.full.win32.x86_64_17.0.2.v20220201-1208\jre\bin\VCRUNTIME140.dll
0x00007ffce2e80000 - 0x00007ffce311a000 	C:\WINDOWS\WinSxS\amd64_microsoft.windows.common-controls_6595b64144ccf1df_6.0.19041.1110_none_60b5254171f9507e\COMCTL32.dll
0x00007ffcf5790000 - 0x00007ffcf582e000 	C:\WINDOWS\System32\msvcrt.dll
0x00007ffcf6ff0000 - 0x00007ffcf7020000 	C:\WINDOWS\System32\IMM32.DLL
0x00007ffcf0660000 - 0x00007ffcf066c000 	C:\Users\wende\.p2\pool\plugins\org.eclipse.justj.openjdk.hotspot.jre.full.win32.x86_64_17.0.2.v20220201-1208\jre\bin\vcruntime140_1.dll
0x00007ffcd2eb0000 - 0x00007ffcd2f41000 	C:\Users\wende\.p2\pool\plugins\org.eclipse.justj.openjdk.hotspot.jre.full.win32.x86_64_17.0.2.v20220201-1208\jre\bin\msvcp140.dll
0x00007ffc65910000 - 0x00007ffc66557000 	C:\Users\wende\.p2\pool\plugins\org.eclipse.justj.openjdk.hotspot.jre.full.win32.x86_64_17.0.2.v20220201-1208\jre\bin\server\jvm.dll
0x00007ffcf5860000 - 0x00007ffcf590e000 	C:\WINDOWS\System32\ADVAPI32.dll
0x00007ffcf66a0000 - 0x00007ffcf673c000 	C:\WINDOWS\System32\sechost.dll
0x00007ffcf6480000 - 0x00007ffcf65a5000 	C:\WINDOWS\System32\RPCRT4.dll
0x00007ffcf6e90000 - 0x00007ffcf6e98000 	C:\WINDOWS\System32\PSAPI.DLL
0x00007ffce31f0000 - 0x00007ffce31f9000 	C:\WINDOWS\SYSTEM32\WSOCK32.dll
0x00007ffcf6f80000 - 0x00007ffcf6feb000 	C:\WINDOWS\System32\WS2_32.dll
0x00007ffcecab0000 - 0x00007ffcecad7000 	C:\WINDOWS\SYSTEM32\WINMM.dll
0x00007ffcee4a0000 - 0x00007ffcee4aa000 	C:\WINDOWS\SYSTEM32\VERSION.dll
0x00007ffcf2b00000 - 0x00007ffcf2b12000 	C:\WINDOWS\SYSTEM32\kernel.appcore.dll
0x00007ffce50e0000 - 0x00007ffce50ea000 	C:\Users\wende\.p2\pool\plugins\org.eclipse.justj.openjdk.hotspot.jre.full.win32.x86_64_17.0.2.v20220201-1208\jre\bin\jimage.dll
0x00007ffceec60000 - 0x00007ffceee44000 	C:\WINDOWS\SYSTEM32\DBGHELP.DLL
0x00007ffce8e70000 - 0x00007ffce8e9c000 	C:\WINDOWS\SYSTEM32\dbgcore.DLL
0x00007ffcf5200000 - 0x00007ffcf5282000 	C:\WINDOWS\System32\bcryptPrimitives.dll
0x00007ffccb8c0000 - 0x00007ffccb8e5000 	C:\Users\wende\.p2\pool\plugins\org.eclipse.justj.openjdk.hotspot.jre.full.win32.x86_64_17.0.2.v20220201-1208\jre\bin\java.dll
0x00007ffc97010000 - 0x00007ffc97028000 	C:\Users\wende\.p2\pool\plugins\org.eclipse.justj.openjdk.hotspot.jre.full.win32.x86_64_17.0.2.v20220201-1208\jre\bin\zip.dll
0x00007ffcf6740000 - 0x00007ffcf6e84000 	C:\WINDOWS\System32\SHELL32.dll
0x00007ffcf2d00000 - 0x00007ffcf3494000 	C:\WINDOWS\SYSTEM32\windows.storage.dll
0x00007ffcf6110000 - 0x00007ffcf6464000 	C:\WINDOWS\System32\combase.dll
0x00007ffcf4560000 - 0x00007ffcf458c000 	C:\WINDOWS\SYSTEM32\Wldp.dll
0x00007ffcf71f0000 - 0x00007ffcf729d000 	C:\WINDOWS\System32\SHCORE.dll
0x00007ffcf65b0000 - 0x00007ffcf6605000 	C:\WINDOWS\System32\shlwapi.dll
0x00007ffcf4b10000 - 0x00007ffcf4b2f000 	C:\WINDOWS\SYSTEM32\profapi.dll
0x00007ffcd2c60000 - 0x00007ffcd2dee000 	C:\Users\wende\.p2\pool\plugins\org.eclipse.justj.openjdk.hotspot.jre.full.win32.x86_64_17.0.2.v20220201-1208\jre\bin\awt.dll
0x00007ffcf5b00000 - 0x00007ffcf5bcd000 	C:\WINDOWS\System32\OLEAUT32.dll
0x00007ffcf24d0000 - 0x00007ffcf2560000 	C:\WINDOWS\SYSTEM32\apphelp.dll
0x00007ffcf2620000 - 0x00007ffcf26be000 	C:\WINDOWS\system32\uxtheme.dll
0x00007ffcf70d0000 - 0x00007ffcf71e6000 	C:\WINDOWS\System32\MSCTF.dll
0x00007ffcf59d0000 - 0x00007ffcf5afa000 	C:\WINDOWS\System32\ole32.dll
0x00007ffcf2810000 - 0x00007ffcf283f000 	C:\WINDOWS\system32\DWMAPI.DLL
0x00007ffcd2270000 - 0x00007ffcd22f9000 	C:\Users\wende\.p2\pool\plugins\org.eclipse.justj.openjdk.hotspot.jre.full.win32.x86_64_17.0.2.v20220201-1208\jre\bin\freetype.dll
0x00007ffccc9d0000 - 0x00007ffccca78000 	C:\Users\wende\.p2\pool\plugins\org.eclipse.justj.openjdk.hotspot.jre.full.win32.x86_64_17.0.2.v20220201-1208\jre\bin\fontmanager.dll
0x00007ffce1860000 - 0x00007ffce1986000 	C:\WINDOWS\system32\opengl32.dll
0x00007ffce0ed0000 - 0x00007ffce0efc000 	C:\WINDOWS\SYSTEM32\GLU32.dll
0x00007ffce1100000 - 0x00007ffce12cf000 	C:\WINDOWS\system32\d3d9.dll
0x00007ffcec5d0000 - 0x00007ffcec788000 	C:\WINDOWS\System32\DriverStore\FileRepository\u0376118.inf_amd64_d3964dd61c6191ee\B371320\aticfx64.dll
0x00007ffccce30000 - 0x00007ffccce64000 	C:\WINDOWS\System32\DriverStore\FileRepository\u0376118.inf_amd64_d3964dd61c6191ee\B371320\atiu9p64.dll
0x00007ffc88560000 - 0x00007ffc892b4000 	C:\WINDOWS\System32\DriverStore\FileRepository\u0376118.inf_amd64_d3964dd61c6191ee\B371320\atiumd64.dll
0x00007ffcea320000 - 0x00007ffcea350000 	C:\WINDOWS\SYSTEM32\amdihk64.dll
0x00007ffcecb10000 - 0x00007ffcecb4b000 	C:\WINDOWS\SYSTEM32\dxcore.dll
0x00007ffcf5290000 - 0x00007ffcf52de000 	C:\WINDOWS\System32\cfgmgr32.dll
0x00007ffc967a0000 - 0x00007ffc967b9000 	C:\Users\wende\.p2\pool\plugins\org.eclipse.justj.openjdk.hotspot.jre.full.win32.x86_64_17.0.2.v20220201-1208\jre\bin\net.dll
0x00007ffcea400000 - 0x00007ffcea509000 	C:\WINDOWS\SYSTEM32\WINHTTP.dll
0x00007ffcf42c0000 - 0x00007ffcf432a000 	C:\WINDOWS\system32\mswsock.dll
0x00007ffc96780000 - 0x00007ffc96795000 	C:\Users\wende\.p2\pool\plugins\org.eclipse.justj.openjdk.hotspot.jre.full.win32.x86_64_17.0.2.v20220201-1208\jre\bin\nio.dll

dbghelp: loaded successfully - version: 4.0.5 - missing functions: none
symbol engine: initialized successfully - sym options: 0x614 - pdb path: .;C:\Users\wende\.p2\pool\plugins\org.eclipse.justj.openjdk.hotspot.jre.full.win32.x86_64_17.0.2.v20220201-1208\jre\bin;C:\WINDOWS\SYSTEM32;C:\WINDOWS\WinSxS\amd64_microsoft.windows.common-controls_6595b64144ccf1df_6.0.19041.1110_none_60b5254171f9507e;C:\Users\wende\.p2\pool\plugins\org.eclipse.justj.openjdk.hotspot.jre.full.win32.x86_64_17.0.2.v20220201-1208\jre\bin\server;C:\WINDOWS\System32\DriverStore\FileRepository\u0376118.inf_amd64_d3964dd61c6191ee\B371320

VM Arguments:
jvm_args: -Dfile.encoding=Cp1252 -XX:+ShowCodeDetailsInExceptionMessages 
java_command: gftbootcamp.bank.Main
java_class_path (initial): C:\Users\wende\Desktop\bankgftbootcamp\bin
Launcher Type: SUN_STANDARD

[Global flags]
     intx CICompilerCount                          = 3                                         {product} {ergonomic}
     uint ConcGCThreads                            = 1                                         {product} {ergonomic}
     uint G1ConcRefinementThreads                  = 4                                         {product} {ergonomic}
   size_t G1HeapRegionSize                         = 2097152                                   {product} {ergonomic}
    uintx GCDrainStackTargetSize                   = 64                                        {product} {ergonomic}
   size_t InitialHeapSize                          = 234881024                                 {product} {ergonomic}
   size_t MarkStackSize                            = 4194304                                   {product} {ergonomic}
   size_t MaxHeapSize                              = 3745513472                                {product} {ergonomic}
   size_t MaxNewSize                               = 2246049792                                {product} {ergonomic}
   size_t MinHeapDeltaBytes                        = 2097152                                   {product} {ergonomic}
   size_t MinHeapSize                              = 8388608                                   {product} {ergonomic}
    uintx NonNMethodCodeHeapSize                   = 5832780                                {pd product} {ergonomic}
    uintx NonProfiledCodeHeapSize                  = 122912730                              {pd product} {ergonomic}
    uintx ProfiledCodeHeapSize                     = 122912730                              {pd product} {ergonomic}
    uintx ReservedCodeCacheSize                    = 251658240                              {pd product} {ergonomic}
     bool SegmentedCodeCache                       = true                                      {product} {ergonomic}
     bool ShowCodeDetailsInExceptionMessages       = true                                   {manageable} {command line}
   size_t SoftMaxHeapSize                          = 3745513472                             {manageable} {ergonomic}
     bool UseCompressedClassPointers               = true                           {product lp64_product} {ergonomic}
     bool UseCompressedOops                        = true                           {product lp64_product} {ergonomic}
     bool UseG1GC                                  = true                                      {product} {ergonomic}
     bool UseLargePagesIndividualAllocation        = false                                  {pd product} {ergonomic}

Logging:
Log output configuration:
 #0: stdout all=warning uptime,level,tags
 #1: stderr all=off uptime,level,tags

Environment Variables:
PATH=C:/Users/wende/.p2/pool/plugins/org.eclipse.justj.openjdk.hotspot.jre.full.win32.x86_64_17.0.2.v20220201-1208/jre/bin/server;C:/Users/wende/.p2/pool/plugins/org.eclipse.justj.openjdk.hotspot.jre.full.win32.x86_64_17.0.2.v20220201-1208/jre/bin;C:\Program Files\Eclipse Adoptium\jdk-17.0.2.8-hotspot\bin;C:\WINDOWS\system32;C:\WINDOWS;C:\WINDOWS\System32\Wbem;C:\WINDOWS\System32\WindowsPowerShell\v1.0\;C:\WINDOWS\System32\OpenSSH\;C:\Program Files\Git\cmd;C:\Users\wende\AppData\Local\Programs\Python\Python310\Scripts\;C:\Users\wende\AppData\Local\Programs\Python\Python310\;C:\Users\wende\AppData\Local\Microsoft\WindowsApps;C:\Users\wende\AppData\Local\Programs\Microsoft VS Code\bin;C:\Users\wende\AppData\Local\GitHubDesktop\bin;C:\WINDOWS\system32;
USERNAME=wende
OS=Windows_NT
PROCESSOR_IDENTIFIER=AMD64 Family 23 Model 17 Stepping 0, AuthenticAMD



---------------  S Y S T E M  ---------------

OS:
 Windows 10 , 64 bit Build 19041 (10.0.19041.1566)
OS uptime: 6 days 20:13 hours

CPU: total 4 (initial active 4) (4 cores per cpu, 2 threads per core) family 23 model 17 stepping 0 microcode 0x0, cx8, cmov, fxsr, ht, mmx, 3dnowpref, sse, sse2, sse3, ssse3, sse4a, sse4.1, sse4.2, popcnt, lzcnt, tsc, tscinvbit, avx, avx2, aes, clmul, bmi1, bmi2, adx, sha, fma, vzeroupper, clflush, clflushopt

Memory: 4k page, system-wide physical 14284M (7494M free)
TotalPageFile size 19442M (AvailPageFile size 5M)
current process WorkingSet (physical memory assigned to process): 61M, peak: 61M
current process commit charge ("private bytes"): 313M, peak: 313M

vm_info: OpenJDK 64-Bit Server VM (17.0.2+8) for windows-amd64 JRE (17.0.2+8), built on Jan 20 2022 04:52:34 by "" with MS VC++ 16.7 (VS2019)

END.
