#
# There is insufficient memory for the Java Runtime Environment to continue.
# Native memory allocation (mmap) failed to map 65536 bytes for Failed to commit metaspace.
# Possible reasons:
#   The system is out of physical RAM or swap space
#   The process is running with CompressedOops enabled, and the Java Heap may be blocking the growth of the native heap
# Possible solutions:
#   Reduce memory load on the system
#   Increase physical memory or swap space
#   Check if swap backing store is full
#   Decrease Java heap size (-Xmx/-Xms)
#   Decrease number of Java threads
#   Decrease Java thread stack sizes (-Xss)
#   Set larger code cache with -XX:ReservedCodeCacheSize=
#   JVM is running with Zero Based Compressed Oops mode in which the Java heap is
#     placed in the first 32GB address space. The Java Heap base address is the
#     maximum limit for the native heap growth. Please use -XX:HeapBaseMinAddress
#     to set the Java Heap base and to place the Java Heap above 32GB virtual address.
# This output file may be truncated or incomplete.
#
#  Out of Memory Error (virtualSpaceNode.cpp:110), pid=9648, tid=14908
#
# JRE version: OpenJDK Runtime Environment Temurin-17.0.2+8 (17.0.2+8) (build 17.0.2+8)
# Java VM: OpenJDK 64-Bit Server VM Temurin-17.0.2+8 (17.0.2+8, mixed mode, tiered, compressed oops, compressed class ptrs, g1 gc, windows-amd64)
# No core dump will be written. Minidumps are not enabled by default on client versions of Windows
#

---------------  S U M M A R Y ------------

Command Line: -XX:+ShowCodeDetailsInExceptionMessages -agentlib:jdwp=transport=dt_socket,suspend=y,address=localhost:49884 -javaagent:C:\Users\wende\eclipse\java-2021-12\eclipse\configuration\org.eclipse.osgi\224\0\.cp\lib\javaagent-shaded.jar -Dfile.encoding=Cp1252 gftbootcamp.bank.Main

Host: AMD Athlon 200GE with Radeon Vega Graphics     , 4 cores, 13G,  Windows 10 , 64 bit Build 19041 (10.0.19041.1566)
Time: Tue Mar 29 10:49:31 2022 Hora oficial do Brasil elapsed time: 25.102790 seconds (0d 0h 0m 25s)

---------------  T H R E A D  ---------------

Current thread (0x00000279259e1130):  JavaThread "main" [_thread_in_vm, id=14908, stack(0x000000f086300000,0x000000f086400000)]

Stack: [0x000000f086300000,0x000000f086400000]
Native frames: (J=compiled Java code, j=interpreted, Vv=VM code, C=native code)
V  [jvm.dll+0x67564a]
V  [jvm.dll+0x82fc04]
V  [jvm.dll+0x8313ae]
V  [jvm.dll+0x831a13]
V  [jvm.dll+0x245235]
V  [jvm.dll+0x82bbab]
V  [jvm.dll+0x61a336]
V  [jvm.dll+0x61a39a]
V  [jvm.dll+0x61cbba]
V  [jvm.dll+0x61acd6]
V  [jvm.dll+0x23979f]
V  [jvm.dll+0x6249f5]
V  [jvm.dll+0x1e9eab]
V  [jvm.dll+0x1ea3e5]
V  [jvm.dll+0x1eae1f]
V  [jvm.dll+0x1e02c1]
V  [jvm.dll+0x53b6e0]
V  [jvm.dll+0x1f0ab7]
V  [jvm.dll+0x7aa1bb]
V  [jvm.dll+0x7ab562]
V  [jvm.dll+0x7ab898]
V  [jvm.dll+0x40b759]
V  [jvm.dll+0x3d6ee5]
C  [awt.dll+0x390dd]

Java frames: (J=compiled Java code, j=interpreted, Vv=VM code)
j  sun.java2d.loops.GraphicsPrimitiveMgr.initIDs(Ljava/lang/Class;Ljava/lang/Class;Ljava/lang/Class;Ljava/lang/Class;Ljava/lang/Class;Ljava/lang/Class;Ljava/lang/Class;Ljava/lang/Class;Ljava/lang/Class;Ljava/lang/Class;Ljava/lang/Class;)V+0 java.desktop@17.0.2
j  sun.java2d.loops.GraphicsPrimitiveMgr.<clinit>()V+26 java.desktop@17.0.2
v  ~StubRoutines::call_stub
j  sun.java2d.loops.Blit.<clinit>()V+36 java.desktop@17.0.2
v  ~StubRoutines::call_stub
j  sun.java2d.windows.GDIWindowSurfaceData.<clinit>()V+72 java.desktop@17.0.2
v  ~StubRoutines::call_stub
j  sun.java2d.d3d.D3DScreenUpdateManager.createScreenSurface(Lsun/awt/Win32GraphicsConfig;Lsun/awt/windows/WComponentPeer;IZ)Lsun/java2d/SurfaceData;+56 java.desktop@17.0.2
j  sun.awt.windows.WComponentPeer.createScreenSurface(Z)V+21 java.desktop@17.0.2
j  sun.awt.windows.WComponentPeer.<init>(Ljava/awt/Component;)V+79 java.desktop@17.0.2
j  sun.awt.windows.WCanvasPeer.<init>(Ljava/awt/Component;)V+2 java.desktop@17.0.2
j  sun.awt.windows.WPanelPeer.<init>(Ljava/awt/Component;)V+2 java.desktop@17.0.2
j  sun.awt.windows.WWindowPeer.<init>(Ljava/awt/Window;)V+2 java.desktop@17.0.2
j  sun.awt.windows.WFramePeer.<init>(Ljava/awt/Frame;)V+2 java.desktop@17.0.2
j  sun.awt.windows.WToolkit.createFrame(Ljava/awt/Frame;)Ljava/awt/peer/FramePeer;+5 java.desktop@17.0.2
j  java.awt.Frame.addNotify()V+20 java.desktop@17.0.2
j  javax.swing.SwingUtilities$SharedOwnerFrame.addNotify()V+1 java.desktop@17.0.2
j  java.awt.Window.pack()V+17 java.desktop@17.0.2
j  javax.swing.JOptionPane.initDialog(Ljavax/swing/JDialog;ILjava/awt/Component;)V+72 java.desktop@17.0.2
j  javax.swing.JOptionPane.createDialog(Ljava/awt/Component;Ljava/lang/String;I)Ljavax/swing/JDialog;+74 java.desktop@17.0.2
j  javax.swing.JOptionPane.showInputDialog(Ljava/awt/Component;Ljava/lang/Object;Ljava/lang/String;ILjavax/swing/Icon;[Ljava/lang/Object;Ljava/lang/Object;)Ljava/lang/Object;+67 java.desktop@17.0.2
j  javax.swing.JOptionPane.showInputDialog(Ljava/awt/Component;Ljava/lang/Object;Ljava/lang/String;I)Ljava/lang/String;+7 java.desktop@17.0.2
j  javax.swing.JOptionPane.showInputDialog(Ljava/awt/Component;Ljava/lang/Object;)Ljava/lang/String;+9 java.desktop@17.0.2
j  javax.swing.JOptionPane.showInputDialog(Ljava/lang/Object;)Ljava/lang/String;+2 java.desktop@17.0.2
j  gftbootcamp.bank.Cliente.autenticador()Z+2
j  gftbootcamp.bank.Main.main([Ljava/lang/String;)V+83
v  ~StubRoutines::call_stub

---------------  P R O C E S S  ---------------

Threads class SMR info:
_java_thread_list=0x0000027943f781a0, length=20, elements={
0x00000279259e1130, 0x0000027942a1e8f0, 0x0000027942a22d10, 0x0000027942a65890,
0x0000027942a68560, 0x0000027943408070, 0x0000027943408930, 0x0000027943409520,
0x000002794340d8b0, 0x000002794345b250, 0x00000279429bf050, 0x00000279436cc070,
0x00000279436f1c50, 0x00000279436f6460, 0x00000279437e93b0, 0x000002794379f7e0,
0x00000279437a2ee0, 0x00000279436b11d0, 0x0000027943cd2840, 0x0000027943fc9cf0
}

Java Threads: ( => current thread )
=>0x00000279259e1130 JavaThread "main" [_thread_in_vm, id=14908, stack(0x000000f086300000,0x000000f086400000)]
  0x0000027942a1e8f0 JavaThread "Reference Handler" daemon [_thread_blocked, id=16740, stack(0x000000f086a00000,0x000000f086b00000)]
  0x0000027942a22d10 JavaThread "Finalizer" daemon [_thread_blocked, id=8780, stack(0x000000f086b00000,0x000000f086c00000)]
  0x0000027942a65890 JavaThread "Signal Dispatcher" daemon [_thread_blocked, id=19716, stack(0x000000f086c00000,0x000000f086d00000)]
  0x0000027942a68560 JavaThread "Attach Listener" daemon [_thread_blocked, id=14448, stack(0x000000f086d00000,0x000000f086e00000)]
  0x0000027943408070 JavaThread "Service Thread" daemon [_thread_blocked, id=15092, stack(0x000000f086e00000,0x000000f086f00000)]
  0x0000027943408930 JavaThread "Monitor Deflation Thread" daemon [_thread_blocked, id=16440, stack(0x000000f086f00000,0x000000f087000000)]
  0x0000027943409520 JavaThread "C2 CompilerThread0" daemon [_thread_blocked, id=13600, stack(0x000000f087000000,0x000000f087100000)]
  0x000002794340d8b0 JavaThread "C1 CompilerThread0" daemon [_thread_blocked, id=13468, stack(0x000000f087100000,0x000000f087200000)]
  0x000002794345b250 JavaThread "Sweeper thread" daemon [_thread_blocked, id=5432, stack(0x000000f087200000,0x000000f087300000)]
  0x00000279429bf050 JavaThread "Common-Cleaner" daemon [_thread_blocked, id=18456, stack(0x000000f087300000,0x000000f087400000)]
  0x00000279436cc070 JavaThread "JDWP Transport Listener: dt_socket" daemon [_thread_blocked, id=6700, stack(0x000000f087400000,0x000000f087500000)]
  0x00000279436f1c50 JavaThread "JDWP Event Helper Thread" daemon [_thread_blocked, id=18616, stack(0x000000f087500000,0x000000f087600000)]
  0x00000279436f6460 JavaThread "JDWP Command Reader" daemon [_thread_in_native, id=17892, stack(0x000000f087600000,0x000000f087700000)]
  0x00000279437e93b0 JavaThread "Notification Thread" daemon [_thread_blocked, id=5232, stack(0x000000f087700000,0x000000f087800000)]
  0x000002794379f7e0 JavaThread "Java2D Disposer" daemon [_thread_blocked, id=19208, stack(0x000000f087900000,0x000000f087a00000)]
  0x00000279437a2ee0 JavaThread "AWT-Windows" daemon [_thread_in_native, id=20324, stack(0x000000f087b00000,0x000000f087c00000)]
  0x00000279436b11d0 JavaThread "Image Fetcher 0" daemon [_thread_blocked, id=17368, stack(0x000000f087a00000,0x000000f087b00000)]
  0x0000027943cd2840 JavaThread "AWT-Shutdown" [_thread_blocked, id=19980, stack(0x000000f087c00000,0x000000f087d00000)]
  0x0000027943fc9cf0 JavaThread "AWT-EventQueue-0" [_thread_blocked, id=10024, stack(0x000000f088100000,0x000000f088200000)]

Other Threads:
  0x00000279429d8eb0 VMThread "VM Thread" [stack: 0x000000f086900000,0x000000f086a00000] [id=14680]
  0x00000279437ea090 WatcherThread [stack: 0x000000f087800000,0x000000f087900000] [id=18840]
  0x0000027925a2a870 GCTaskThread "GC Thread#0" [stack: 0x000000f086400000,0x000000f086500000] [id=4184]
  0x0000027943ffda80 GCTaskThread "GC Thread#1" [stack: 0x000000f088200000,0x000000f088300000] [id=7800]
  0x0000027943ffdd30 GCTaskThread "GC Thread#2" [stack: 0x000000f088300000,0x000000f088400000] [id=5444]
  0x0000027943ffdfe0 GCTaskThread "GC Thread#3" [stack: 0x000000f088400000,0x000000f088500000] [id=13660]
  0x0000027925a35f10 ConcurrentGCThread "G1 Main Marker" [stack: 0x000000f086500000,0x000000f086600000] [id=20152]
  0x00000279239fd910 ConcurrentGCThread "G1 Conc#0" [stack: 0x000000f086600000,0x000000f086700000] [id=7120]
  0x0000027942890490 ConcurrentGCThread "G1 Refine#0" [stack: 0x000000f086700000,0x000000f086800000] [id=11212]
  0x0000027925abd120 ConcurrentGCThread "G1 Service" [stack: 0x000000f086800000,0x000000f086900000] [id=13732]

Threads with active compile tasks:

VM state: not at safepoint (normal execution)

VM Mutex/Monitor currently owned by a thread:  ([mutex/lock_event])
[0x00000279239f70f0] Metaspace_lock - owner thread: 0x00000279259e1130

Heap address: 0x0000000720c00000, size: 3572 MB, Compressed Oops mode: Zero based, Oop shift amount: 3

CDS archive(s) not mapped
Compressed class space mapped at: 0x0000000800000000-0x0000000840000000, reserved size: 1073741824
Narrow klass base: 0x0000000800000000, Narrow klass shift: 0, Narrow klass range: 0x40000000

GC Precious Log:
 CPUs: 4 total, 4 available
 Memory: 14284M
 Large Page Support: Disabled
 NUMA Support: Disabled
 Compressed Oops: Enabled (Zero based)
 Heap Region Size: 2M
 Heap Min Capacity: 8M
 Heap Initial Capacity: 224M
 Heap Max Capacity: 3572M
 Pre-touch: Disabled
 Parallel Workers: 4
 Concurrent Workers: 1
 Concurrent Refinement Workers: 4
 Periodic GC: Disabled

Heap:
 garbage-first heap   total 229376K, used 2214K [0x0000000720c00000, 0x0000000800000000)
  region size 2048K, 2 young (4096K), 1 survivors (2048K)
 Metaspace       used 16206K, committed 16448K, reserved 1064960K
  class space    used 1642K, committed 1792K, reserved 1048576K

Heap Regions: E=young(eden), S=young(survivor), O=old, HS=humongous(starts), HC=humongous(continues), CS=collection set, F=free, OA=open archive, CA=closed archive, TAMS=top-at-mark-start (previous, next)
|   0|0x0000000720c00000, 0x0000000720c29800, 0x0000000720e00000|  8%| O|  |TAMS 0x0000000720c00000, 0x0000000720c00000| Untracked 
|   1|0x0000000720e00000, 0x0000000720e00000, 0x0000000721000000|  0%| F|  |TAMS 0x0000000720e00000, 0x0000000720e00000| Untracked 
|   2|0x0000000721000000, 0x0000000721000000, 0x0000000721200000|  0%| F|  |TAMS 0x0000000721000000, 0x0000000721000000| Untracked 
|   3|0x0000000721200000, 0x0000000721200000, 0x0000000721400000|  0%| F|  |TAMS 0x0000000721200000, 0x0000000721200000| Untracked 
|   4|0x0000000721400000, 0x0000000721400000, 0x0000000721600000|  0%| F|  |TAMS 0x0000000721400000, 0x0000000721400000| Untracked 
|   5|0x0000000721600000, 0x0000000721600000, 0x0000000721800000|  0%| F|  |TAMS 0x0000000721600000, 0x0000000721600000| Untracked 
|   6|0x0000000721800000, 0x0000000721800000, 0x0000000721a00000|  0%| F|  |TAMS 0x0000000721800000, 0x0000000721800000| Untracked 
|   7|0x0000000721a00000, 0x0000000721a00000, 0x0000000721c00000|  0%| F|  |TAMS 0x0000000721a00000, 0x0000000721a00000| Untracked 
|   8|0x0000000721c00000, 0x0000000721c00000, 0x0000000721e00000|  0%| F|  |TAMS 0x0000000721c00000, 0x0000000721c00000| Untracked 
|   9|0x0000000721e00000, 0x0000000721e00000, 0x0000000722000000|  0%| F|  |TAMS 0x0000000721e00000, 0x0000000721e00000| Untracked 
|  10|0x0000000722000000, 0x0000000722000000, 0x0000000722200000|  0%| F|  |TAMS 0x0000000722000000, 0x0000000722000000| Untracked 
|  11|0x0000000722200000, 0x0000000722200000, 0x0000000722400000|  0%| F|  |TAMS 0x0000000722200000, 0x0000000722200000| Untracked 
|  12|0x0000000722400000, 0x0000000722400000, 0x0000000722600000|  0%| F|  |TAMS 0x0000000722400000, 0x0000000722400000| Untracked 
|  13|0x0000000722600000, 0x0000000722600000, 0x0000000722800000|  0%| F|  |TAMS 0x0000000722600000, 0x0000000722600000| Untracked 
|  14|0x0000000722800000, 0x0000000722800000, 0x0000000722a00000|  0%| F|  |TAMS 0x0000000722800000, 0x0000000722800000| Untracked 
|  15|0x0000000722a00000, 0x0000000722a00000, 0x0000000722c00000|  0%| F|  |TAMS 0x0000000722a00000, 0x0000000722a00000| Untracked 
|  16|0x0000000722c00000, 0x0000000722c00000, 0x0000000722e00000|  0%| F|  |TAMS 0x0000000722c00000, 0x0000000722c00000| Untracked 
|  17|0x0000000722e00000, 0x0000000722e00000, 0x0000000723000000|  0%| F|  |TAMS 0x0000000722e00000, 0x0000000722e00000| Untracked 
|  18|0x0000000723000000, 0x0000000723000000, 0x0000000723200000|  0%| F|  |TAMS 0x0000000723000000, 0x0000000723000000| Untracked 
|  19|0x0000000723200000, 0x0000000723200000, 0x0000000723400000|  0%| F|  |TAMS 0x0000000723200000, 0x0000000723200000| Untracked 
|  20|0x0000000723400000, 0x0000000723400000, 0x0000000723600000|  0%| F|  |TAMS 0x0000000723400000, 0x0000000723400000| Untracked 
|  21|0x0000000723600000, 0x0000000723600000, 0x0000000723800000|  0%| F|  |TAMS 0x0000000723600000, 0x0000000723600000| Untracked 
|  22|0x0000000723800000, 0x0000000723800000, 0x0000000723a00000|  0%| F|  |TAMS 0x0000000723800000, 0x0000000723800000| Untracked 
|  23|0x0000000723a00000, 0x0000000723a00000, 0x0000000723c00000|  0%| F|  |TAMS 0x0000000723a00000, 0x0000000723a00000| Untracked 
|  24|0x0000000723c00000, 0x0000000723c00000, 0x0000000723e00000|  0%| F|  |TAMS 0x0000000723c00000, 0x0000000723c00000| Untracked 
|  25|0x0000000723e00000, 0x0000000723e00000, 0x0000000724000000|  0%| F|  |TAMS 0x0000000723e00000, 0x0000000723e00000| Untracked 
|  26|0x0000000724000000, 0x0000000724000000, 0x0000000724200000|  0%| F|  |TAMS 0x0000000724000000, 0x0000000724000000| Untracked 
|  27|0x0000000724200000, 0x0000000724200000, 0x0000000724400000|  0%| F|  |TAMS 0x0000000724200000, 0x0000000724200000| Untracked 
|  28|0x0000000724400000, 0x0000000724400000, 0x0000000724600000|  0%| F|  |TAMS 0x0000000724400000, 0x0000000724400000| Untracked 
|  29|0x0000000724600000, 0x0000000724600000, 0x0000000724800000|  0%| F|  |TAMS 0x0000000724600000, 0x0000000724600000| Untracked 
|  30|0x0000000724800000, 0x0000000724800000, 0x0000000724a00000|  0%| F|  |TAMS 0x0000000724800000, 0x0000000724800000| Untracked 
|  31|0x0000000724a00000, 0x0000000724a00000, 0x0000000724c00000|  0%| F|  |TAMS 0x0000000724a00000, 0x0000000724a00000| Untracked 
|  32|0x0000000724c00000, 0x0000000724c00000, 0x0000000724e00000|  0%| F|  |TAMS 0x0000000724c00000, 0x0000000724c00000| Untracked 
|  33|0x0000000724e00000, 0x0000000724e00000, 0x0000000725000000|  0%| F|  |TAMS 0x0000000724e00000, 0x0000000724e00000| Untracked 
|  34|0x0000000725000000, 0x0000000725000000, 0x0000000725200000|  0%| F|  |TAMS 0x0000000725000000, 0x0000000725000000| Untracked 
|  35|0x0000000725200000, 0x0000000725200000, 0x0000000725400000|  0%| F|  |TAMS 0x0000000725200000, 0x0000000725200000| Untracked 
|  36|0x0000000725400000, 0x0000000725400000, 0x0000000725600000|  0%| F|  |TAMS 0x0000000725400000, 0x0000000725400000| Untracked 
|  37|0x0000000725600000, 0x0000000725600000, 0x0000000725800000|  0%| F|  |TAMS 0x0000000725600000, 0x0000000725600000| Untracked 
|  38|0x0000000725800000, 0x0000000725800000, 0x0000000725a00000|  0%| F|  |TAMS 0x0000000725800000, 0x0000000725800000| Untracked 
|  39|0x0000000725a00000, 0x0000000725a00000, 0x0000000725c00000|  0%| F|  |TAMS 0x0000000725a00000, 0x0000000725a00000| Untracked 
|  40|0x0000000725c00000, 0x0000000725c00000, 0x0000000725e00000|  0%| F|  |TAMS 0x0000000725c00000, 0x0000000725c00000| Untracked 
|  41|0x0000000725e00000, 0x0000000725e00000, 0x0000000726000000|  0%| F|  |TAMS 0x0000000725e00000, 0x0000000725e00000| Untracked 
|  42|0x0000000726000000, 0x0000000726000000, 0x0000000726200000|  0%| F|  |TAMS 0x0000000726000000, 0x0000000726000000| Untracked 
|  43|0x0000000726200000, 0x0000000726200000, 0x0000000726400000|  0%| F|  |TAMS 0x0000000726200000, 0x0000000726200000| Untracked 
|  44|0x0000000726400000, 0x0000000726400000, 0x0000000726600000|  0%| F|  |TAMS 0x0000000726400000, 0x0000000726400000| Untracked 
|  45|0x0000000726600000, 0x0000000726600000, 0x0000000726800000|  0%| F|  |TAMS 0x0000000726600000, 0x0000000726600000| Untracked 
|  46|0x0000000726800000, 0x0000000726800000, 0x0000000726a00000|  0%| F|  |TAMS 0x0000000726800000, 0x0000000726800000| Untracked 
|  47|0x0000000726a00000, 0x0000000726a00000, 0x0000000726c00000|  0%| F|  |TAMS 0x0000000726a00000, 0x0000000726a00000| Untracked 
|  48|0x0000000726c00000, 0x0000000726c00000, 0x0000000726e00000|  0%| F|  |TAMS 0x0000000726c00000, 0x0000000726c00000| Untracked 
|  49|0x0000000726e00000, 0x0000000726e00000, 0x0000000727000000|  0%| F|  |TAMS 0x0000000726e00000, 0x0000000726e00000| Untracked 
|  50|0x0000000727000000, 0x0000000727000000, 0x0000000727200000|  0%| F|  |TAMS 0x0000000727000000, 0x0000000727000000| Untracked 
|  51|0x0000000727200000, 0x0000000727200000, 0x0000000727400000|  0%| F|  |TAMS 0x0000000727200000, 0x0000000727200000| Untracked 
|  52|0x0000000727400000, 0x0000000727400000, 0x0000000727600000|  0%| F|  |TAMS 0x0000000727400000, 0x0000000727400000| Untracked 
|  53|0x0000000727600000, 0x0000000727600000, 0x0000000727800000|  0%| F|  |TAMS 0x0000000727600000, 0x0000000727600000| Untracked 
|  54|0x0000000727800000, 0x0000000727800000, 0x0000000727a00000|  0%| F|  |TAMS 0x0000000727800000, 0x0000000727800000| Untracked 
|  55|0x0000000727a00000, 0x0000000727a00000, 0x0000000727c00000|  0%| F|  |TAMS 0x0000000727a00000, 0x0000000727a00000| Untracked 
|  56|0x0000000727c00000, 0x0000000727c00000, 0x0000000727e00000|  0%| F|  |TAMS 0x0000000727c00000, 0x0000000727c00000| Untracked 
|  57|0x0000000727e00000, 0x0000000727e00000, 0x0000000728000000|  0%| F|  |TAMS 0x0000000727e00000, 0x0000000727e00000| Untracked 
|  58|0x0000000728000000, 0x0000000728000000, 0x0000000728200000|  0%| F|  |TAMS 0x0000000728000000, 0x0000000728000000| Untracked 
|  59|0x0000000728200000, 0x0000000728200000, 0x0000000728400000|  0%| F|  |TAMS 0x0000000728200000, 0x0000000728200000| Untracked 
|  60|0x0000000728400000, 0x0000000728400000, 0x0000000728600000|  0%| F|  |TAMS 0x0000000728400000, 0x0000000728400000| Untracked 
|  61|0x0000000728600000, 0x0000000728600000, 0x0000000728800000|  0%| F|  |TAMS 0x0000000728600000, 0x0000000728600000| Untracked 
|  62|0x0000000728800000, 0x0000000728800000, 0x0000000728a00000|  0%| F|  |TAMS 0x0000000728800000, 0x0000000728800000| Untracked 
|  63|0x0000000728a00000, 0x0000000728a00000, 0x0000000728c00000|  0%| F|  |TAMS 0x0000000728a00000, 0x0000000728a00000| Untracked 
|  64|0x0000000728c00000, 0x0000000728c00000, 0x0000000728e00000|  0%| F|  |TAMS 0x0000000728c00000, 0x0000000728c00000| Untracked 
|  65|0x0000000728e00000, 0x0000000728e00000, 0x0000000729000000|  0%| F|  |TAMS 0x0000000728e00000, 0x0000000728e00000| Untracked 
|  66|0x0000000729000000, 0x0000000729000000, 0x0000000729200000|  0%| F|  |TAMS 0x0000000729000000, 0x0000000729000000| Untracked 
|  67|0x0000000729200000, 0x0000000729200000, 0x0000000729400000|  0%| F|  |TAMS 0x0000000729200000, 0x0000000729200000| Untracked 
|  68|0x0000000729400000, 0x0000000729400000, 0x0000000729600000|  0%| F|  |TAMS 0x0000000729400000, 0x0000000729400000| Untracked 
|  69|0x0000000729600000, 0x0000000729600000, 0x0000000729800000|  0%| F|  |TAMS 0x0000000729600000, 0x0000000729600000| Untracked 
|  70|0x0000000729800000, 0x0000000729800000, 0x0000000729a00000|  0%| F|  |TAMS 0x0000000729800000, 0x0000000729800000| Untracked 
|  71|0x0000000729a00000, 0x0000000729a00000, 0x0000000729c00000|  0%| F|  |TAMS 0x0000000729a00000, 0x0000000729a00000| Untracked 
|  72|0x0000000729c00000, 0x0000000729c00000, 0x0000000729e00000|  0%| F|  |TAMS 0x0000000729c00000, 0x0000000729c00000| Untracked 
|  73|0x0000000729e00000, 0x0000000729e00000, 0x000000072a000000|  0%| F|  |TAMS 0x0000000729e00000, 0x0000000729e00000| Untracked 
|  74|0x000000072a000000, 0x000000072a000000, 0x000000072a200000|  0%| F|  |TAMS 0x000000072a000000, 0x000000072a000000| Untracked 
|  75|0x000000072a200000, 0x000000072a200000, 0x000000072a400000|  0%| F|  |TAMS 0x000000072a200000, 0x000000072a200000| Untracked 
|  76|0x000000072a400000, 0x000000072a400000, 0x000000072a600000|  0%| F|  |TAMS 0x000000072a400000, 0x000000072a400000| Untracked 
|  77|0x000000072a600000, 0x000000072a600000, 0x000000072a800000|  0%| F|  |TAMS 0x000000072a600000, 0x000000072a600000| Untracked 
|  78|0x000000072a800000, 0x000000072a800000, 0x000000072aa00000|  0%| F|  |TAMS 0x000000072a800000, 0x000000072a800000| Untracked 
|  79|0x000000072aa00000, 0x000000072aa00000, 0x000000072ac00000|  0%| F|  |TAMS 0x000000072aa00000, 0x000000072aa00000| Untracked 
|  80|0x000000072ac00000, 0x000000072ac00000, 0x000000072ae00000|  0%| F|  |TAMS 0x000000072ac00000, 0x000000072ac00000| Untracked 
|  81|0x000000072ae00000, 0x000000072ae00000, 0x000000072b000000|  0%| F|  |TAMS 0x000000072ae00000, 0x000000072ae00000| Untracked 
|  82|0x000000072b000000, 0x000000072b000000, 0x000000072b200000|  0%| F|  |TAMS 0x000000072b000000, 0x000000072b000000| Untracked 
|  83|0x000000072b200000, 0x000000072b200000, 0x000000072b400000|  0%| F|  |TAMS 0x000000072b200000, 0x000000072b200000| Untracked 
|  84|0x000000072b400000, 0x000000072b400000, 0x000000072b600000|  0%| F|  |TAMS 0x000000072b400000, 0x000000072b400000| Untracked 
|  85|0x000000072b600000, 0x000000072b600000, 0x000000072b800000|  0%| F|  |TAMS 0x000000072b600000, 0x000000072b600000| Untracked 
|  86|0x000000072b800000, 0x000000072b800000, 0x000000072ba00000|  0%| F|  |TAMS 0x000000072b800000, 0x000000072b800000| Untracked 
|  87|0x000000072ba00000, 0x000000072ba00000, 0x000000072bc00000|  0%| F|  |TAMS 0x000000072ba00000, 0x000000072ba00000| Untracked 
|  88|0x000000072bc00000, 0x000000072bc00000, 0x000000072be00000|  0%| F|  |TAMS 0x000000072bc00000, 0x000000072bc00000| Untracked 
|  89|0x000000072be00000, 0x000000072be00000, 0x000000072c000000|  0%| F|  |TAMS 0x000000072be00000, 0x000000072be00000| Untracked 
|  90|0x000000072c000000, 0x000000072c000000, 0x000000072c200000|  0%| F|  |TAMS 0x000000072c000000, 0x000000072c000000| Untracked 
|  91|0x000000072c200000, 0x000000072c200000, 0x000000072c400000|  0%| F|  |TAMS 0x000000072c200000, 0x000000072c200000| Untracked 
|  92|0x000000072c400000, 0x000000072c400000, 0x000000072c600000|  0%| F|  |TAMS 0x000000072c400000, 0x000000072c400000| Untracked 
|  93|0x000000072c600000, 0x000000072c600000, 0x000000072c800000|  0%| F|  |TAMS 0x000000072c600000, 0x000000072c600000| Untracked 
|  94|0x000000072c800000, 0x000000072c800000, 0x000000072ca00000|  0%| F|  |TAMS 0x000000072c800000, 0x000000072c800000| Untracked 
|  95|0x000000072ca00000, 0x000000072ca00000, 0x000000072cc00000|  0%| F|  |TAMS 0x000000072ca00000, 0x000000072ca00000| Untracked 
|  96|0x000000072cc00000, 0x000000072cc00000, 0x000000072ce00000|  0%| F|  |TAMS 0x000000072cc00000, 0x000000072cc00000| Untracked 
|  97|0x000000072ce00000, 0x000000072ce00000, 0x000000072d000000|  0%| F|  |TAMS 0x000000072ce00000, 0x000000072ce00000| Untracked 
|  98|0x000000072d000000, 0x000000072d000000, 0x000000072d200000|  0%| F|  |TAMS 0x000000072d000000, 0x000000072d000000| Untracked 
|  99|0x000000072d200000, 0x000000072d200000, 0x000000072d400000|  0%| F|  |TAMS 0x000000072d200000, 0x000000072d200000| Untracked 
| 100|0x000000072d400000, 0x000000072d400000, 0x000000072d600000|  0%| F|  |TAMS 0x000000072d400000, 0x000000072d400000| Untracked 
| 101|0x000000072d600000, 0x000000072d600000, 0x000000072d800000|  0%| F|  |TAMS 0x000000072d600000, 0x000000072d600000| Untracked 
| 102|0x000000072d800000, 0x000000072d800000, 0x000000072da00000|  0%| F|  |TAMS 0x000000072d800000, 0x000000072d800000| Untracked 
| 103|0x000000072da00000, 0x000000072da00000, 0x000000072dc00000|  0%| F|  |TAMS 0x000000072da00000, 0x000000072da00000| Untracked 
| 104|0x000000072dc00000, 0x000000072dc00000, 0x000000072de00000|  0%| F|  |TAMS 0x000000072dc00000, 0x000000072dc00000| Untracked 
| 105|0x000000072de00000, 0x000000072e000000, 0x000000072e000000|100%| S|CS|TAMS 0x000000072de00000, 0x000000072de00000| Complete 
| 106|0x000000072e000000, 0x000000072e000000, 0x000000072e200000|  0%| F|  |TAMS 0x000000072e000000, 0x000000072e000000| Untracked 
| 107|0x000000072e200000, 0x000000072e200000, 0x000000072e400000|  0%| F|  |TAMS 0x000000072e200000, 0x000000072e200000| Untracked 
| 108|0x000000072e400000, 0x000000072e400000, 0x000000072e600000|  0%| F|  |TAMS 0x000000072e400000, 0x000000072e400000| Untracked 
| 109|0x000000072e600000, 0x000000072e600000, 0x000000072e800000|  0%| F|  |TAMS 0x000000072e600000, 0x000000072e600000| Untracked 
| 110|0x000000072e800000, 0x000000072e800000, 0x000000072ea00000|  0%| F|  |TAMS 0x000000072e800000, 0x000000072e800000| Untracked 
| 111|0x000000072ea00000, 0x000000072eb758f0, 0x000000072ec00000| 72%| E|  |TAMS 0x000000072ea00000, 0x000000072ea00000| Complete 

Card table byte_map: [0x00000279387a0000,0x0000027938ea0000] _byte_map_base: 0x0000027934e9a000

Marking Bits (Prev, Next): (CMBitMap*) 0x0000027925a2ae80, (CMBitMap*) 0x0000027925a2aec0
 Prev Bits: [0x00000279395a0000, 0x000002793cd70000)
 Next Bits: [0x000002793cd70000, 0x0000027940540000)

Polling page: 0x00000279238e0000

Metaspace:

Usage:
  Non-class:     14.22 MB used.
      Class:      1.60 MB used.
       Both:     15.83 MB used.

Virtual space:
  Non-class space:       16.00 MB reserved,      14.31 MB ( 89%) committed,  2 nodes.
      Class space:        1.00 GB reserved,       1.75 MB ( <1%) committed,  1 nodes.
             Both:        1.02 GB reserved,      16.06 MB (  2%) committed. 

Chunk freelists:
   Non-Class:  1020.00 KB
       Class:  2.25 MB
        Both:  3.24 MB

MaxMetaspaceSize: unlimited
CompressedClassSpaceSize: 1.00 GB
Initial GC threshold: 21.00 MB
Current GC threshold: 21.00 MB
CDS: off
MetaspaceReclaimPolicy: balanced
 - commit_granule_bytes: 65536.
 - commit_granule_words: 8192.
 - virtual_space_node_default_size: 1048576.
 - enlarge_chunks_in_place: 1.
 - new_chunks_are_fully_committed: 0.
 - uncommit_free_chunks: 1.
 - use_allocation_guard: 0.
 - handle_deallocations: 1.


Internal statistics:

num_allocs_failed_limit: 0.
num_arena_births: 102.
num_arena_deaths: 0.
num_vsnodes_births: 3.
num_vsnodes_deaths: 0.
num_space_committed: 257.
num_space_uncommitted: 0.
num_chunks_returned_to_freelist: 0.
num_chunks_taken_from_freelist: 170.
num_chunk_merges: 0.
num_chunk_splits: 92.
num_chunks_enlarged: 52.
num_purges: 0.
num_inconsistent_stats: 0.

CodeHeap 'non-profiled nmethods': size=120000Kb used=193Kb max_used=193Kb free=119806Kb
 bounds [0x0000027930b70000, 0x0000027930de0000, 0x00000279380a0000]
CodeHeap 'profiled nmethods': size=120000Kb used=775Kb max_used=775Kb free=119224Kb
 bounds [0x0000027929640000, 0x00000279298b0000, 0x0000027930b70000]
CodeHeap 'non-nmethods': size=5760Kb used=1312Kb max_used=1326Kb free=4447Kb
 bounds [0x00000279290a0000, 0x0000027929310000, 0x0000027929640000]
 total_blobs=1081 nmethods=518 adapters=476
 compilation: enabled
              stopped_count=0, restarted_count=0
 full_count=0

Compilation events (20 events):
Event: 25.058 Thread 0x000002794340d8b0 nmethod 507 0x00000279296fdc10 code [0x00000279296fdda0, 0x00000279296fde98]
Event: 25.059 Thread 0x000002794340d8b0  510       3       java.lang.Character::toUpperCase (9 bytes)
Event: 25.059 Thread 0x000002794340d8b0 nmethod 510 0x00000279296fdf10 code [0x00000279296fe0c0, 0x00000279296fe2b8]
Event: 25.070 Thread 0x000002794340d8b0  513       3       java.lang.invoke.MethodType::insertParameterTypes (121 bytes)
Event: 25.071 Thread 0x000002794340d8b0 nmethod 513 0x00000279296fe390 code [0x00000279296fe660, 0x00000279296ff468]
Event: 25.071 Thread 0x000002794340d8b0  517       3       jdk.internal.org.objectweb.asm.SymbolTable::addConstantMemberReference (147 bytes)
Event: 25.072 Thread 0x000002794340d8b0 nmethod 517 0x00000279296ffa10 code [0x00000279296ffc80, 0x0000027929700588]
Event: 25.072 Thread 0x000002794340d8b0  514       3       jdk.internal.org.objectweb.asm.AnnotationWriter::putAnnotations (67 bytes)
Event: 25.072 Thread 0x000002794340d8b0 nmethod 514 0x0000027929700b10 code [0x0000027929700d20, 0x0000027929701158]
Event: 25.072 Thread 0x000002794340d8b0  518       3       jdk.internal.org.objectweb.asm.SymbolTable::hash (20 bytes)
Event: 25.073 Thread 0x000002794340d8b0 nmethod 518 0x0000027929701410 code [0x00000279297015c0, 0x00000279297017a8]
Event: 25.073 Thread 0x000002794340d8b0  515       3       java.lang.invoke.MethodHandleNatives::refKindIsField (32 bytes)
Event: 25.073 Thread 0x000002794340d8b0 nmethod 515 0x0000027929701910 code [0x0000027929701aa0, 0x0000027929701bf8]
Event: 25.073 Thread 0x000002794340d8b0  516       1       java.lang.invoke.InfoFromMemberName::getReferenceKind (5 bytes)
Event: 25.073 Thread 0x000002794340d8b0 nmethod 516 0x0000027930b9de10 code [0x0000027930b9dfa0, 0x0000027930b9e078]
Event: 25.073 Thread 0x0000027943409520 nmethod 508 0x0000027930b9e110 code [0x0000027930b9e320, 0x0000027930b9f2c0]
Event: 25.074 Thread 0x0000027943409520  511       4       java.util.HashMap::getNode (150 bytes)
Event: 25.079 Thread 0x0000027943409520 nmethod 511 0x0000027930b9fa90 code [0x0000027930b9fc20, 0x0000027930b9ffd8]
Event: 25.079 Thread 0x0000027943409520  509       4       java.lang.CharacterDataLatin1::toLowerCase (39 bytes)
Event: 25.080 Thread 0x0000027943409520 nmethod 509 0x0000027930ba0290 code [0x0000027930ba0400, 0x0000027930ba04f8]

GC Heap History (2 events):
Event: 24.706 GC heap before
{Heap before GC invocations=0 (full 0):
 garbage-first heap   total 229376K, used 10240K [0x0000000720c00000, 0x0000000800000000)
  region size 2048K, 6 young (12288K), 0 survivors (0K)
 Metaspace       used 15214K, committed 15360K, reserved 1064960K
  class space    used 1503K, committed 1600K, reserved 1048576K
}
Event: 24.709 GC heap after
{Heap after GC invocations=1 (full 0):
 garbage-first heap   total 229376K, used 2214K [0x0000000720c00000, 0x0000000800000000)
  region size 2048K, 1 young (2048K), 1 survivors (2048K)
 Metaspace       used 15214K, committed 15360K, reserved 1064960K
  class space    used 1503K, committed 1600K, reserved 1048576K
}

Deoptimization events (20 events):
Event: 0.636 Thread 0x00000279259e1130 DEOPT PACKING pc=0x00000279296ba9fc sp=0x000000f0863f8050
Event: 0.636 Thread 0x00000279259e1130 DEOPT UNPACKING pc=0x00000279290f2b43 sp=0x000000f0863f74b8 mode 0
Event: 0.644 Thread 0x00000279259e1130 DEOPT PACKING pc=0x00000279296ba9fc sp=0x000000f0863f8050
Event: 0.644 Thread 0x00000279259e1130 DEOPT UNPACKING pc=0x00000279290f2b43 sp=0x000000f0863f74b8 mode 0
Event: 0.645 Thread 0x00000279259e1130 DEOPT PACKING pc=0x00000279296ba9fc sp=0x000000f0863f8050
Event: 0.645 Thread 0x00000279259e1130 DEOPT UNPACKING pc=0x00000279290f2b43 sp=0x000000f0863f74b8 mode 0
Event: 0.645 Thread 0x00000279259e1130 DEOPT PACKING pc=0x00000279296ba9fc sp=0x000000f0863f8050
Event: 0.645 Thread 0x00000279259e1130 DEOPT UNPACKING pc=0x00000279290f2b43 sp=0x000000f0863f74b8 mode 0
Event: 0.648 Thread 0x00000279259e1130 DEOPT PACKING pc=0x00000279296ba9fc sp=0x000000f0863f8050
Event: 0.648 Thread 0x00000279259e1130 DEOPT UNPACKING pc=0x00000279290f2b43 sp=0x000000f0863f74b8 mode 0
Event: 0.649 Thread 0x00000279259e1130 DEOPT PACKING pc=0x00000279296ba9fc sp=0x000000f0863f8050
Event: 0.649 Thread 0x00000279259e1130 DEOPT UNPACKING pc=0x00000279290f2b43 sp=0x000000f0863f74b8 mode 0
Event: 0.650 Thread 0x00000279259e1130 DEOPT PACKING pc=0x00000279296ba9fc sp=0x000000f0863f8050
Event: 0.650 Thread 0x00000279259e1130 DEOPT UNPACKING pc=0x00000279290f2b43 sp=0x000000f0863f74b8 mode 0
Event: 0.654 Thread 0x00000279259e1130 DEOPT PACKING pc=0x00000279296ba9fc sp=0x000000f0863fbaa0
Event: 0.654 Thread 0x00000279259e1130 DEOPT UNPACKING pc=0x00000279290f2b43 sp=0x000000f0863faf08 mode 0
Event: 0.656 Thread 0x00000279259e1130 DEOPT PACKING pc=0x00000279296ba9fc sp=0x000000f0863f7fd0
Event: 0.656 Thread 0x00000279259e1130 DEOPT UNPACKING pc=0x00000279290f2b43 sp=0x000000f0863f7438 mode 0
Event: 0.659 Thread 0x00000279259e1130 DEOPT PACKING pc=0x00000279296ba9fc sp=0x000000f0863fb9d0
Event: 0.659 Thread 0x00000279259e1130 DEOPT UNPACKING pc=0x00000279290f2b43 sp=0x000000f0863fae38 mode 0

Classes unloaded (0 events):
No events

Classes redefined (0 events):
No events

Internal exceptions (12 events):
Event: 20.647 Thread 0x00000279259e1130 Exception <a 'java/lang/ClassNotFoundException'{0x000000072e7775c0}: sun/awt/resources/spi/awtProvider> (0x000000072e7775c0) 
thrown [e:\jenkins\tmp\workspace\build\src\src\hotspot\share\classfile\systemDictionary.cpp, line 256]
Event: 21.422 Thread 0x00000279259e1130 Exception <a 'java/io/FileNotFoundException'{0x000000072e7d64a0}> (0x000000072e7d64a0) 
thrown [e:\jenkins\tmp\workspace\build\src\src\hotspot\share\prims\jni.cpp, line 516]
Event: 21.975 Thread 0x00000279259e1130 Exception <a 'java/io/FileNotFoundException'{0x000000072e405c60}> (0x000000072e405c60) 
thrown [e:\jenkins\tmp\workspace\build\src\src\hotspot\share\prims\jni.cpp, line 516]
Event: 22.377 Thread 0x00000279259e1130 Exception <a 'java/lang/NoSuchMethodError'{0x000000072e511108}: 'java.lang.Object java.lang.invoke.DirectMethodHandle$Holder.invokeStaticInit(java.lang.Object)'> (0x000000072e511108) 
thrown [e:\jenkins\tmp\workspace\build\src\src\hotspot\share\interpreter\linkResolver.cpp, line 766]
Event: 22.593 Thread 0x00000279259e1130 Exception <a 'java/lang/NoSuchMethodError'{0x000000072e5bdd90}: 'void java.lang.invoke.DirectMethodHandle$Holder.invokeSpecial(java.lang.Object, java.lang.Object, java.lang.Object)'> (0x000000072e5bdd90) 
thrown [e:\jenkins\tmp\workspace\build\src\src\hotspot\share\interpreter\linkResolver.cpp, line 766]
Event: 22.746 Thread 0x00000279259e1130 Exception <a 'java/lang/NoSuchMethodError'{0x000000072e20ef78}: 'java.lang.Object java.lang.invoke.DirectMethodHandle$Holder.newInvokeSpecial(java.lang.Object, java.lang.Object, java.lang.Object, java.lang.Object, java.lang.Object)'> (0x000000072e20ef78) 
thrown [e:\jenkins\tmp\workspace\build\src\src\hotspot\share\interpreter\linkResolver.cpp, line 766]
Event: 22.796 Thread 0x00000279259e1130 Exception <a 'java/lang/NoSuchMethodError'{0x000000072e21a940}: 'java.lang.Object java.lang.invoke.DirectMethodHandle$Holder.invokeStatic(java.lang.Object, int, java.lang.Object, java.lang.Object, java.lang.Object, java.lang.Object)'> (0x000000072e21a940) 
thrown [e:\jenkins\tmp\workspace\build\src\src\hotspot\share\interpreter\linkResolver.cpp, line 766]
Event: 22.962 Thread 0x00000279259e1130 Exception <a 'java/lang/NoSuchMethodError'{0x000000072e240970}: 'java.lang.Object java.lang.invoke.DirectMethodHandle$Holder.invokeStatic(java.lang.Object, int, java.lang.Object)'> (0x000000072e240970) 
thrown [e:\jenkins\tmp\workspace\build\src\src\hotspot\share\interpreter\linkResolver.cpp, line 766]
Event: 23.657 Thread 0x00000279259e1130 Exception <a 'java/lang/ClassNotFoundException'{0x000000072e367ab0}: com/sun/swing/internal/plaf/metal/resources/spi/metalProvider> (0x000000072e367ab0) 
thrown [e:\jenkins\tmp\workspace\build\src\src\hotspot\share\classfile\systemDictionary.cpp, line 256]
Event: 23.674 Thread 0x00000279259e1130 Exception <a 'java/lang/ClassNotFoundException'{0x000000072e36f7e0}: com/sun/swing/internal/plaf/basic/resources/spi/basicProvider> (0x000000072e36f7e0) 
thrown [e:\jenkins\tmp\workspace\build\src\src\hotspot\share\classfile\systemDictionary.cpp, line 256]
Event: 23.799 Thread 0x00000279436b11d0 Exception <a 'java/lang/NoSuchMethodError'{0x000000072e021b58}: 'java.lang.Object java.lang.invoke.DirectMethodHandle$Holder.newInvokeSpecial(java.lang.Object, java.lang.Object, java.lang.Object, int, int, int, int, int)'> (0x000000072e021b58) 
thrown [e:\jenkins\tmp\workspace\build\src\src\hotspot\share\interpreter\linkResolver.cpp, line 766]
Event: 25.070 Thread 0x00000279437a2ee0 Exception <a 'java/lang/NoSuchMethodError'{0x000000072eaf8030}: 'void java.lang.invoke.DirectMethodHandle$Holder.invokeVirtual(java.lang.Object, java.lang.Object)'> (0x000000072eaf8030) 
thrown [e:\jenkins\tmp\workspace\build\src\src\hotspot\share\interpreter\linkResolver.cpp, line 766]

VM Operations (20 events):
Event: 8.099 Executing VM operation: ChangeBreakpoints
Event: 8.100 Executing VM operation: ChangeBreakpoints done
Event: 20.395 Executing VM operation: ChangeSingleStep
Event: 20.395 Executing VM operation: ChangeSingleStep done
Event: 20.396 Executing VM operation: get/set locals
Event: 20.396 Executing VM operation: get/set locals done
Event: 20.401 Executing VM operation: ChangeSingleStep
Event: 20.401 Executing VM operation: ChangeSingleStep done
Event: 20.402 Executing VM operation: ChangeSingleStep
Event: 20.402 Executing VM operation: ChangeSingleStep done
Event: 22.023 Executing VM operation: ChangeSingleStep
Event: 22.023 Executing VM operation: ChangeSingleStep done
Event: 23.839 Executing VM operation: HandshakeAllThreads
Event: 23.839 Executing VM operation: HandshakeAllThreads done
Event: 24.256 Executing VM operation: HandshakeAllThreads
Event: 24.256 Executing VM operation: HandshakeAllThreads done
Event: 24.706 Executing VM operation: G1CollectForAllocation
Event: 24.710 Executing VM operation: G1CollectForAllocation done
Event: 24.710 Executing VM operation: Cleanup
Event: 24.710 Executing VM operation: Cleanup done

Events (20 events):
Event: 25.096 loading class sun/java2d/loops/XORComposite done
Event: 25.096 loading class sun/java2d/windows/GDIBlitLoops
Event: 25.096 loading class sun/java2d/loops/Blit
Event: 25.096 loading class sun/java2d/loops/GraphicsPrimitive
Event: 25.096 loading class sun/java2d/loops/GraphicsPrimitive done
Event: 25.096 loading class sun/java2d/loops/Blit done
Event: 25.096 loading class sun/java2d/windows/GDIBlitLoops done
Event: 25.097 loading class sun/java2d/loops/GraphicsPrimitiveMgr
Event: 25.097 loading class sun/java2d/loops/GraphicsPrimitiveMgr done
Event: 25.097 loading class sun/java2d/loops/CompositeType
Event: 25.097 loading class sun/java2d/loops/CompositeType done
Event: 25.097 loading class sun/java2d/SunGraphics2D
Event: 25.098 loading class sun/awt/ConstrainableGraphics
Event: 25.099 loading class sun/awt/ConstrainableGraphics done
Event: 25.099 loading class sun/java2d/SunGraphics2D done
Event: 25.099 loading class java/awt/AlphaComposite
Event: 25.099 loading class java/awt/AlphaComposite done
Event: 25.100 loading class sun/java2d/loops/BlitBg
Event: 25.100 loading class sun/java2d/loops/BlitBg done
Event: 25.100 loading class sun/java2d/loops/ScaledBlit


Dynamic libraries:
0x00007ff6faab0000 - 0x00007ff6faabe000 	C:\Users\wende\.p2\pool\plugins\org.eclipse.justj.openjdk.hotspot.jre.full.win32.x86_64_17.0.2.v20220201-1208\jre\bin\javaw.exe
0x00007ffcf74b0000 - 0x00007ffcf76a5000 	C:\WINDOWS\SYSTEM32\ntdll.dll
0x00007ffcf5910000 - 0x00007ffcf59ce000 	C:\WINDOWS\System32\KERNEL32.DLL
0x00007ffcf4bd0000 - 0x00007ffcf4e98000 	C:\WINDOWS\System32\KERNELBASE.dll
0x00007ffcf5100000 - 0x00007ffcf5200000 	C:\WINDOWS\System32\ucrtbase.dll
0x00007ffce5170000 - 0x00007ffce5188000 	C:\Users\wende\.p2\pool\plugins\org.eclipse.justj.openjdk.hotspot.jre.full.win32.x86_64_17.0.2.v20220201-1208\jre\bin\jli.dll
0x00007ffcf5510000 - 0x00007ffcf56b0000 	C:\WINDOWS\System32\USER32.dll
0x00007ffcf5310000 - 0x00007ffcf5332000 	C:\WINDOWS\System32\win32u.dll
0x00007ffcf5830000 - 0x00007ffcf585b000 	C:\WINDOWS\System32\GDI32.dll
0x00007ffcf4f40000 - 0x00007ffcf504b000 	C:\WINDOWS\System32\gdi32full.dll
0x00007ffcf4ea0000 - 0x00007ffcf4f3d000 	C:\WINDOWS\System32\msvcp_win.dll
0x00007ffce5190000 - 0x00007ffce51a9000 	C:\Users\wende\.p2\pool\plugins\org.eclipse.justj.openjdk.hotspot.jre.full.win32.x86_64_17.0.2.v20220201-1208\jre\bin\VCRUNTIME140.dll
0x00007ffce2e80000 - 0x00007ffce311a000 	C:\WINDOWS\WinSxS\amd64_microsoft.windows.common-controls_6595b64144ccf1df_6.0.19041.1110_none_60b5254171f9507e\COMCTL32.dll
0x00007ffcf5790000 - 0x00007ffcf582e000 	C:\WINDOWS\System32\msvcrt.dll
0x00007ffcf6ff0000 - 0x00007ffcf7020000 	C:\WINDOWS\System32\IMM32.DLL
0x00007ffcf0660000 - 0x00007ffcf066c000 	C:\Users\wende\.p2\pool\plugins\org.eclipse.justj.openjdk.hotspot.jre.full.win32.x86_64_17.0.2.v20220201-1208\jre\bin\vcruntime140_1.dll
0x00007ffcd2eb0000 - 0x00007ffcd2f41000 	C:\Users\wende\.p2\pool\plugins\org.eclipse.justj.openjdk.hotspot.jre.full.win32.x86_64_17.0.2.v20220201-1208\jre\bin\msvcp140.dll
0x00007ffc65910000 - 0x00007ffc66557000 	C:\Users\wende\.p2\pool\plugins\org.eclipse.justj.openjdk.hotspot.jre.full.win32.x86_64_17.0.2.v20220201-1208\jre\bin\server\jvm.dll
0x00007ffcf5860000 - 0x00007ffcf590e000 	C:\WINDOWS\System32\ADVAPI32.dll
0x00007ffcf66a0000 - 0x00007ffcf673c000 	C:\WINDOWS\System32\sechost.dll
0x00007ffcf6480000 - 0x00007ffcf65a5000 	C:\WINDOWS\System32\RPCRT4.dll
0x00007ffcf6e90000 - 0x00007ffcf6e98000 	C:\WINDOWS\System32\PSAPI.DLL
0x00007ffce31f0000 - 0x00007ffce31f9000 	C:\WINDOWS\SYSTEM32\WSOCK32.dll
0x00007ffcf6f80000 - 0x00007ffcf6feb000 	C:\WINDOWS\System32\WS2_32.dll
0x00007ffcecab0000 - 0x00007ffcecad7000 	C:\WINDOWS\SYSTEM32\WINMM.dll
0x00007ffcee4a0000 - 0x00007ffcee4aa000 	C:\WINDOWS\SYSTEM32\VERSION.dll
0x00007ffcf2b00000 - 0x00007ffcf2b12000 	C:\WINDOWS\SYSTEM32\kernel.appcore.dll
0x00007ffce50e0000 - 0x00007ffce50ea000 	C:\Users\wende\.p2\pool\plugins\org.eclipse.justj.openjdk.hotspot.jre.full.win32.x86_64_17.0.2.v20220201-1208\jre\bin\jimage.dll
0x00007ffceec60000 - 0x00007ffceee44000 	C:\WINDOWS\SYSTEM32\DBGHELP.DLL
0x00007ffce8e70000 - 0x00007ffce8e9c000 	C:\WINDOWS\SYSTEM32\dbgcore.DLL
0x00007ffcf5200000 - 0x00007ffcf5282000 	C:\WINDOWS\System32\bcryptPrimitives.dll
0x00007ffcd2e70000 - 0x00007ffcd2eab000 	C:\Users\wende\.p2\pool\plugins\org.eclipse.justj.openjdk.hotspot.jre.full.win32.x86_64_17.0.2.v20220201-1208\jre\bin\jdwp.dll
0x00007ffcddcd0000 - 0x00007ffcddcde000 	C:\Users\wende\.p2\pool\plugins\org.eclipse.justj.openjdk.hotspot.jre.full.win32.x86_64_17.0.2.v20220201-1208\jre\bin\instrument.dll
0x00007ffccb8c0000 - 0x00007ffccb8e5000 	C:\Users\wende\.p2\pool\plugins\org.eclipse.justj.openjdk.hotspot.jre.full.win32.x86_64_17.0.2.v20220201-1208\jre\bin\java.dll
0x00007ffc97010000 - 0x00007ffc97028000 	C:\Users\wende\.p2\pool\plugins\org.eclipse.justj.openjdk.hotspot.jre.full.win32.x86_64_17.0.2.v20220201-1208\jre\bin\zip.dll
0x00007ffcf6740000 - 0x00007ffcf6e84000 	C:\WINDOWS\System32\SHELL32.dll
0x00007ffcf2d00000 - 0x00007ffcf3494000 	C:\WINDOWS\SYSTEM32\windows.storage.dll
0x00007ffcf6110000 - 0x00007ffcf6464000 	C:\WINDOWS\System32\combase.dll
0x00007ffcf4560000 - 0x00007ffcf458c000 	C:\WINDOWS\SYSTEM32\Wldp.dll
0x00007ffcf71f0000 - 0x00007ffcf729d000 	C:\WINDOWS\System32\SHCORE.dll
0x00007ffcf65b0000 - 0x00007ffcf6605000 	C:\WINDOWS\System32\shlwapi.dll
0x00007ffcf4b10000 - 0x00007ffcf4b2f000 	C:\WINDOWS\SYSTEM32\profapi.dll
0x00007ffcddcc0000 - 0x00007ffcddccc000 	C:\Users\wende\.p2\pool\plugins\org.eclipse.justj.openjdk.hotspot.jre.full.win32.x86_64_17.0.2.v20220201-1208\jre\bin\dt_socket.dll
0x00007ffcf3fb0000 - 0x00007ffcf3feb000 	C:\WINDOWS\SYSTEM32\IPHLPAPI.DLL
0x00007ffcf42c0000 - 0x00007ffcf432a000 	C:\WINDOWS\system32\mswsock.dll
0x00007ffcf3ff0000 - 0x00007ffcf40ba000 	C:\WINDOWS\SYSTEM32\DNSAPI.dll
0x00007ffcf6470000 - 0x00007ffcf6478000 	C:\WINDOWS\System32\NSI.dll
0x00007ffcea3d0000 - 0x00007ffcea3da000 	C:\Windows\System32\rasadhlp.dll
0x00007ffcea240000 - 0x00007ffcea2bf000 	C:\WINDOWS\System32\fwpuclnt.dll
0x00007ffcf52e0000 - 0x00007ffcf5307000 	C:\WINDOWS\System32\bcrypt.dll
0x00007ffc967a0000 - 0x00007ffc967b9000 	C:\Users\wende\.p2\pool\plugins\org.eclipse.justj.openjdk.hotspot.jre.full.win32.x86_64_17.0.2.v20220201-1208\jre\bin\net.dll
0x00007ffcea400000 - 0x00007ffcea509000 	C:\WINDOWS\SYSTEM32\WINHTTP.dll
0x00007ffc96780000 - 0x00007ffc96795000 	C:\Users\wende\.p2\pool\plugins\org.eclipse.justj.openjdk.hotspot.jre.full.win32.x86_64_17.0.2.v20220201-1208\jre\bin\nio.dll
0x00007ffcf0690000 - 0x00007ffcf06a0000 	C:\Users\wende\.p2\pool\plugins\org.eclipse.justj.openjdk.hotspot.jre.full.win32.x86_64_17.0.2.v20220201-1208\jre\bin\verify.dll
0x00007ffcd2ce0000 - 0x00007ffcd2e6e000 	C:\Users\wende\.p2\pool\plugins\org.eclipse.justj.openjdk.hotspot.jre.full.win32.x86_64_17.0.2.v20220201-1208\jre\bin\awt.dll
0x00007ffcf5b00000 - 0x00007ffcf5bcd000 	C:\WINDOWS\System32\OLEAUT32.dll
0x00007ffcf24d0000 - 0x00007ffcf2560000 	C:\WINDOWS\SYSTEM32\apphelp.dll
0x00007ffcf2620000 - 0x00007ffcf26be000 	C:\WINDOWS\system32\uxtheme.dll
0x00007ffcf70d0000 - 0x00007ffcf71e6000 	C:\WINDOWS\System32\MSCTF.dll
0x00007ffcf59d0000 - 0x00007ffcf5afa000 	C:\WINDOWS\System32\ole32.dll
0x00007ffcf2810000 - 0x00007ffcf283f000 	C:\WINDOWS\system32\DWMAPI.DLL
0x00007ffcd9a50000 - 0x00007ffcd9ad9000 	C:\Users\wende\.p2\pool\plugins\org.eclipse.justj.openjdk.hotspot.jre.full.win32.x86_64_17.0.2.v20220201-1208\jre\bin\freetype.dll
0x00007ffcd2250000 - 0x00007ffcd22f8000 	C:\Users\wende\.p2\pool\plugins\org.eclipse.justj.openjdk.hotspot.jre.full.win32.x86_64_17.0.2.v20220201-1208\jre\bin\fontmanager.dll
0x00007ffce1860000 - 0x00007ffce1986000 	C:\WINDOWS\system32\opengl32.dll
0x00007ffce0ed0000 - 0x00007ffce0efc000 	C:\WINDOWS\SYSTEM32\GLU32.dll
0x00007ffce1100000 - 0x00007ffce12cf000 	C:\WINDOWS\system32\d3d9.dll
0x00007ffcec5d0000 - 0x00007ffcec788000 	C:\WINDOWS\System32\DriverStore\FileRepository\u0376118.inf_amd64_d3964dd61c6191ee\B371320\aticfx64.dll
0x00007ffccce30000 - 0x00007ffccce64000 	C:\WINDOWS\System32\DriverStore\FileRepository\u0376118.inf_amd64_d3964dd61c6191ee\B371320\atiu9p64.dll
0x00007ffc88560000 - 0x00007ffc892b4000 	C:\WINDOWS\System32\DriverStore\FileRepository\u0376118.inf_amd64_d3964dd61c6191ee\B371320\atiumd64.dll
0x00007ffcea320000 - 0x00007ffcea350000 	C:\WINDOWS\SYSTEM32\amdihk64.dll
0x00007ffcecb10000 - 0x00007ffcecb4b000 	C:\WINDOWS\SYSTEM32\dxcore.dll
0x00007ffcf5290000 - 0x00007ffcf52de000 	C:\WINDOWS\System32\cfgmgr32.dll

dbghelp: loaded successfully - version: 4.0.5 - missing functions: none
symbol engine: initialized successfully - sym options: 0x614 - pdb path: .;C:\Users\wende\.p2\pool\plugins\org.eclipse.justj.openjdk.hotspot.jre.full.win32.x86_64_17.0.2.v20220201-1208\jre\bin;C:\WINDOWS\SYSTEM32;C:\WINDOWS\WinSxS\amd64_microsoft.windows.common-controls_6595b64144ccf1df_6.0.19041.1110_none_60b5254171f9507e;C:\Users\wende\.p2\pool\plugins\org.eclipse.justj.openjdk.hotspot.jre.full.win32.x86_64_17.0.2.v20220201-1208\jre\bin\server;C:\WINDOWS\System32\DriverStore\FileRepository\u0376118.inf_amd64_d3964dd61c6191ee\B371320

VM Arguments:
jvm_args: -XX:+ShowCodeDetailsInExceptionMessages -agentlib:jdwp=transport=dt_socket,suspend=y,address=localhost:49884 -javaagent:C:\Users\wende\eclipse\java-2021-12\eclipse\configuration\org.eclipse.osgi\224\0\.cp\lib\javaagent-shaded.jar -Dfile.encoding=Cp1252 
java_command: gftbootcamp.bank.Main
java_class_path (initial): C:\Users\wende\Desktop\bankgftbootcamp\bin
Launcher Type: SUN_STANDARD

[Global flags]
     intx CICompilerCount                          = 3                                         {product} {ergonomic}
     uint ConcGCThreads                            = 1                                         {product} {ergonomic}
     uint G1ConcRefinementThreads                  = 4                                         {product} {ergonomic}
   size_t G1HeapRegionSize                         = 2097152                                   {product} {ergonomic}
    uintx GCDrainStackTargetSize                   = 64                                        {product} {ergonomic}
   size_t InitialHeapSize                          = 234881024                                 {product} {ergonomic}
   size_t MarkStackSize                            = 4194304                                   {product} {ergonomic}
   size_t MaxHeapSize                              = 3745513472                                {product} {ergonomic}
   size_t MaxNewSize                               = 2246049792                                {product} {ergonomic}
   size_t MinHeapDeltaBytes                        = 2097152                                   {product} {ergonomic}
   size_t MinHeapSize                              = 8388608                                   {product} {ergonomic}
    uintx NonNMethodCodeHeapSize                   = 5832780                                {pd product} {ergonomic}
    uintx NonProfiledCodeHeapSize                  = 122912730                              {pd product} {ergonomic}
    uintx ProfiledCodeHeapSize                     = 122912730                              {pd product} {ergonomic}
    uintx ReservedCodeCacheSize                    = 251658240                              {pd product} {ergonomic}
     bool SegmentedCodeCache                       = true                                      {product} {ergonomic}
     bool ShowCodeDetailsInExceptionMessages       = true                                   {manageable} {command line}
   size_t SoftMaxHeapSize                          = 3745513472                             {manageable} {ergonomic}
     bool UseCompressedClassPointers               = true                           {product lp64_product} {ergonomic}
     bool UseCompressedOops                        = true                           {product lp64_product} {ergonomic}
     bool UseG1GC                                  = true                                      {product} {ergonomic}
     bool UseLargePagesIndividualAllocation        = false                                  {pd product} {ergonomic}

Logging:
Log output configuration:
 #0: stdout all=warning uptime,level,tags
 #1: stderr all=off uptime,level,tags

Environment Variables:
PATH=C:\Users\wende\.p2\pool\plugins\org.eclipse.justj.openjdk.hotspot.jre.full.win32.x86_64_17.0.2.v20220201-1208\jre\bin;C:/Users/wende/.p2/pool/plugins/org.eclipse.justj.openjdk.hotspot.jre.full.win32.x86_64_17.0.2.v20220201-1208/jre/bin/server;C:/Users/wende/.p2/pool/plugins/org.eclipse.justj.openjdk.hotspot.jre.full.win32.x86_64_17.0.2.v20220201-1208/jre/bin;C:\Program Files\Eclipse Adoptium\jdk-17.0.2.8-hotspot\bin;C:\WINDOWS\system32;C:\WINDOWS;C:\WINDOWS\System32\Wbem;C:\WINDOWS\System32\WindowsPowerShell\v1.0\;C:\WINDOWS\System32\OpenSSH\;C:\Program Files\Git\cmd;C:\Users\wende\AppData\Local\Programs\Python\Python310\Scripts\;C:\Users\wende\AppData\Local\Programs\Python\Python310\;C:\Users\wende\AppData\Local\Microsoft\WindowsApps;C:\Users\wende\AppData\Local\Programs\Microsoft VS Code\bin;C:\Users\wende\AppData\Local\GitHubDesktop\bin;C:\WINDOWS\system32;
USERNAME=wende
OS=Windows_NT
PROCESSOR_IDENTIFIER=AMD64 Family 23 Model 17 Stepping 0, AuthenticAMD



---------------  S Y S T E M  ---------------

OS:
 Windows 10 , 64 bit Build 19041 (10.0.19041.1566)
OS uptime: 6 days 20:12 hours

CPU: total 4 (initial active 4) (4 cores per cpu, 2 threads per core) family 23 model 17 stepping 0 microcode 0x0, cx8, cmov, fxsr, ht, mmx, 3dnowpref, sse, sse2, sse3, ssse3, sse4a, sse4.1, sse4.2, popcnt, lzcnt, tsc, tscinvbit, avx, avx2, aes, clmul, bmi1, bmi2, adx, sha, fma, vzeroupper, clflush, clflushopt

Memory: 4k page, system-wide physical 14284M (7503M free)
TotalPageFile size 19442M (AvailPageFile size 3M)
current process WorkingSet (physical memory assigned to process): 79M, peak: 79M
current process commit charge ("private bytes"): 319M, peak: 319M

vm_info: OpenJDK 64-Bit Server VM (17.0.2+8) for windows-amd64 JRE (17.0.2+8), built on Jan 20 2022 04:52:34 by "" with MS VC++ 16.7 (VS2019)

END.
